<?xml version="1.0" encoding="UTF-8"?>
<Site BuildName="(empty)"
	BuildStamp="20241108-1141-Experimental"
	Name="yk-VirtualBox"
	Generator="ctest-3.22.1"
	CompilerName="/usr/bin/c++"
	CompilerVersion="11.4.0"
	OSName="Linux"
	Hostname="yk-VirtualBox"
	OSRelease="6.8.0-45-generic"
	OSVersion="#45~22.04.1-Ubuntu SMP PREEMPT_DYNAMIC Wed Sep 11 15:25:05 UTC 2"
	OSPlatform="x86_64"
	Is64Bits="1"
	VendorString="GenuineIntel"
	VendorID="Intel Corporation"
	FamilyID="6"
	ModelID="142"
	ProcessorCacheSize="6144"
	NumberOfLogicalCPU="2"
	NumberOfPhysicalCPU="2"
	TotalVirtualMemory="2679"
	TotalPhysicalMemory="3916"
	LogicalProcessorsPerPhysical="1"
	ProcessorClockFrequency="2112"
	>
	<Testing>
		<StartDateTime>Nov 08 20:41 KST</StartDateTime>
		<StartTestTime>1731066088</StartTestTime>
		<TestList>
			<Test>./cppcheck</Test>
			<Test>./lint_cmake</Test>
			<Test>./uncrustify</Test>
			<Test>./xmllint</Test>
		</TestList>
		<Test Status="passed">
			<Name>cppcheck</Name>
			<Path>.</Path>
			<FullName>./cppcheck</FullName>
			<FullCommandLine>/usr/bin/python3 "-u" "/opt/ros/humble/share/ament_cmake_test/cmake/run_test.py" "/home/yk/rosros/build/unitree_guide2/test_results/unitree_guide2/cppcheck.xunit.xml" "--package-name" "unitree_guide2" "--output-file" "/home/yk/rosros/build/unitree_guide2/ament_cppcheck/cppcheck.txt" "--command" "/opt/ros/humble/bin/ament_cppcheck" "--xunit-file" "/home/yk/rosros/build/unitree_guide2/test_results/unitree_guide2/cppcheck.xunit.xml" "--include_dirs" "/home/yk/rosros/src/unitree_ros2_sim/unitree_guide2/include"</FullCommandLine>
			<Results>
				<NamedMeasurement type="numeric/double" name="Execution Time">
					<Value>0.248904</Value>
				</NamedMeasurement>
				<NamedMeasurement type="numeric/double" name="Processors">
					<Value>1</Value>
				</NamedMeasurement>
				<NamedMeasurement type="text/string" name="Completion Status">
					<Value>Completed</Value>
				</NamedMeasurement>
				<NamedMeasurement type="text/string" name="Command Line">
					<Value>/usr/bin/python3 "-u" "/opt/ros/humble/share/ament_cmake_test/cmake/run_test.py" "/home/yk/rosros/build/unitree_guide2/test_results/unitree_guide2/cppcheck.xunit.xml" "--package-name" "unitree_guide2" "--output-file" "/home/yk/rosros/build/unitree_guide2/ament_cppcheck/cppcheck.txt" "--command" "/opt/ros/humble/bin/ament_cppcheck" "--xunit-file" "/home/yk/rosros/build/unitree_guide2/test_results/unitree_guide2/cppcheck.xunit.xml" "--include_dirs" "/home/yk/rosros/src/unitree_ros2_sim/unitree_guide2/include"</Value>
				</NamedMeasurement>
				<NamedMeasurement type="text/string" name="Environment">
					<Value>#CTEST_RESOURCE_GROUP_COUNT=</Value>
				</NamedMeasurement>
				<Measurement>
					<Value>-- run_test.py: invoking following command in '/home/yk/rosros/src/unitree_ros2_sim/unitree_guide2':
 - /opt/ros/humble/bin/ament_cppcheck --xunit-file /home/yk/rosros/build/unitree_guide2/test_results/unitree_guide2/cppcheck.xunit.xml --include_dirs /home/yk/rosros/src/unitree_ros2_sim/unitree_guide2/include
cppcheck 2.7 has known performance issues and therefore will not be used, set the AMENT_CPPCHECK_ALLOW_SLOW_VERSIONS environment variable to override this.
-- run_test.py: return code 0
-- run_test.py: verify result file '/home/yk/rosros/build/unitree_guide2/test_results/unitree_guide2/cppcheck.xunit.xml'
</Value>
				</Measurement>
			</Results>
			<Labels>
				<Label>cppcheck</Label>
				<Label>linter</Label>
			</Labels>
		</Test>
		<Test Status="passed">
			<Name>lint_cmake</Name>
			<Path>.</Path>
			<FullName>./lint_cmake</FullName>
			<FullCommandLine>/usr/bin/python3 "-u" "/opt/ros/humble/share/ament_cmake_test/cmake/run_test.py" "/home/yk/rosros/build/unitree_guide2/test_results/unitree_guide2/lint_cmake.xunit.xml" "--package-name" "unitree_guide2" "--output-file" "/home/yk/rosros/build/unitree_guide2/ament_lint_cmake/lint_cmake.txt" "--command" "/opt/ros/humble/bin/ament_lint_cmake" "--xunit-file" "/home/yk/rosros/build/unitree_guide2/test_results/unitree_guide2/lint_cmake.xunit.xml"</FullCommandLine>
			<Results>
				<NamedMeasurement type="numeric/double" name="Execution Time">
					<Value>0.174469</Value>
				</NamedMeasurement>
				<NamedMeasurement type="numeric/double" name="Processors">
					<Value>1</Value>
				</NamedMeasurement>
				<NamedMeasurement type="text/string" name="Completion Status">
					<Value>Completed</Value>
				</NamedMeasurement>
				<NamedMeasurement type="text/string" name="Command Line">
					<Value>/usr/bin/python3 "-u" "/opt/ros/humble/share/ament_cmake_test/cmake/run_test.py" "/home/yk/rosros/build/unitree_guide2/test_results/unitree_guide2/lint_cmake.xunit.xml" "--package-name" "unitree_guide2" "--output-file" "/home/yk/rosros/build/unitree_guide2/ament_lint_cmake/lint_cmake.txt" "--command" "/opt/ros/humble/bin/ament_lint_cmake" "--xunit-file" "/home/yk/rosros/build/unitree_guide2/test_results/unitree_guide2/lint_cmake.xunit.xml"</Value>
				</NamedMeasurement>
				<NamedMeasurement type="text/string" name="Environment">
					<Value>#CTEST_RESOURCE_GROUP_COUNT=</Value>
				</NamedMeasurement>
				<Measurement>
					<Value>-- run_test.py: invoking following command in '/home/yk/rosros/src/unitree_ros2_sim/unitree_guide2':
 - /opt/ros/humble/bin/ament_lint_cmake --xunit-file /home/yk/rosros/build/unitree_guide2/test_results/unitree_guide2/lint_cmake.xunit.xml

No problems found
-- run_test.py: return code 0
-- run_test.py: verify result file '/home/yk/rosros/build/unitree_guide2/test_results/unitree_guide2/lint_cmake.xunit.xml'
</Value>
				</Measurement>
			</Results>
			<Labels>
				<Label>lint_cmake</Label>
				<Label>linter</Label>
			</Labels>
		</Test>
		<Test Status="failed">
			<Name>uncrustify</Name>
			<Path>.</Path>
			<FullName>./uncrustify</FullName>
			<FullCommandLine>/usr/bin/python3 "-u" "/opt/ros/humble/share/ament_cmake_test/cmake/run_test.py" "/home/yk/rosros/build/unitree_guide2/test_results/unitree_guide2/uncrustify.xunit.xml" "--package-name" "unitree_guide2" "--output-file" "/home/yk/rosros/build/unitree_guide2/ament_uncrustify/uncrustify.txt" "--command" "/opt/ros/humble/bin/ament_uncrustify" "--xunit-file" "/home/yk/rosros/build/unitree_guide2/test_results/unitree_guide2/uncrustify.xunit.xml"</FullCommandLine>
			<Results>
				<NamedMeasurement type="text/string" name="Exit Code">
					<Value>Failed</Value>
				</NamedMeasurement>
				<NamedMeasurement type="text/string" name="Exit Value">
					<Value>1</Value>
				</NamedMeasurement>
				<NamedMeasurement type="numeric/double" name="Execution Time">
					<Value>3.03422</Value>
				</NamedMeasurement>
				<NamedMeasurement type="numeric/double" name="Processors">
					<Value>1</Value>
				</NamedMeasurement>
				<NamedMeasurement type="text/string" name="Completion Status">
					<Value>Completed</Value>
				</NamedMeasurement>
				<NamedMeasurement type="text/string" name="Command Line">
					<Value>/usr/bin/python3 "-u" "/opt/ros/humble/share/ament_cmake_test/cmake/run_test.py" "/home/yk/rosros/build/unitree_guide2/test_results/unitree_guide2/uncrustify.xunit.xml" "--package-name" "unitree_guide2" "--output-file" "/home/yk/rosros/build/unitree_guide2/ament_uncrustify/uncrustify.txt" "--command" "/opt/ros/humble/bin/ament_uncrustify" "--xunit-file" "/home/yk/rosros/build/unitree_guide2/test_results/unitree_guide2/uncrustify.xunit.xml"</Value>
				</NamedMeasurement>
				<NamedMeasurement type="text/string" name="Environment">
					<Value>#CTEST_RESOURCE_GROUP_COUNT=</Value>
				</NamedMeasurement>
				<Measurement>
					<Value>-- run_test.py: invoking following command in '/home/yk/rosros/src/unitree_ros2_sim/unitree_guide2':
 - /opt/ros/humble/bin/ament_uncrustify --xunit-file /home/yk/rosros/build/unitree_guide2/test_results/unitree_guide2/uncrustify.xunit.xml
Code style divergence in file 'include/FSM/FSM.h':

--- include/FSM/FSM.h
+++ include/FSM/FSM.h.uncrustify
@@ -26,9 +26,10 @@
-struct FSMStateList{
-    FSMState *invalid;
-    State_Passive *passive;
-    State_FixedStand *fixedStand;
-    State_FreeStand *freeStand;
-    State_Trotting *trotting;
-    State_BalanceTest *balanceTest;
-    State_SwingTest *swingTest;
-    State_StepTest *stepTest;
+struct FSMStateList
+{
+  FSMState * invalid;
+  State_Passive * passive;
+  State_FixedStand * fixedStand;
+  State_FreeStand * freeStand;
+  State_Trotting * trotting;
+  State_BalanceTest * balanceTest;
+  State_SwingTest * swingTest;
+  State_StepTest * stepTest;
@@ -36 +37 @@
-    State_move_base *moveBase;
+  State_move_base * moveBase;
@@ -40 +41 @@
-    State_move_base *moveBase;
+  State_move_base * moveBase;
@@ -43,9 +44,10 @@
-    void deletePtr(){
-        delete invalid;
-        delete passive;
-        delete fixedStand;
-        delete freeStand;
-        delete trotting;
-        delete balanceTest;
-        delete swingTest;
-        delete stepTest;
+  void deletePtr()
+  {
+    delete invalid;
+    delete passive;
+    delete fixedStand;
+    delete freeStand;
+    delete trotting;
+    delete balanceTest;
+    delete swingTest;
+    delete stepTest;
@@ -53 +55 @@
-        delete moveBase;
+    delete moveBase;
@@ -56 +58 @@
-        delete moveBase;
+    delete moveBase;
@@ -58 +60 @@
-    }
+  }
@@ -61 +63 @@
-class FSM{
+class FSM {
@@ -63,4 +65,5 @@
-    FSM(CtrlComponents *ctrlComp);
-    ~FSM();
-    void initialize();
-    void run();
+  FSM(CtrlComponents * ctrlComp);
+  ~FSM();
+  void initialize();
+  void run();
+
@@ -68,10 +71,10 @@
-    FSMState* getNextState(FSMStateName stateName);
-    bool checkSafty();
-    CtrlComponents *_ctrlComp;
-    FSMState *_currentState;
-    FSMState *_nextState;
-    FSMStateName _nextStateName;
-    FSMStateList _stateList;
-    FSMMode _mode;
-    long long _startTime;
-    int count;
+  FSMState * getNextState(FSMStateName stateName);
+  bool checkSafty();
+  CtrlComponents * _ctrlComp;
+  FSMState * _currentState;
+  FSMState * _nextState;
+  FSMStateName _nextStateName;
+  FSMStateList _stateList;
+  FSMMode _mode;
+  long long _startTime;
+  int count;
@@ -81 +84 @@
-#endif  // FSM_H
+#endif  // FSM_H

Code style divergence in file 'include/FSM/FSMState.h':

--- include/FSM/FSMState.h
+++ include/FSM/FSMState.h.uncrustify
@@ -19 +19 @@
-class FSMState{
+class FSMState {
@@ -21 +21 @@
-    FSMState(CtrlComponents *ctrlComp, FSMStateName stateName, std::string stateNameString);
+  FSMState(CtrlComponents * ctrlComp, FSMStateName stateName, std::string stateNameString);
@@ -23,4 +23,4 @@
-    virtual void enter() = 0;
-    virtual void run() = 0;
-    virtual void exit() = 0;
-    virtual FSMStateName checkChange() {return FSMStateName::INVALID;}
+  virtual void enter() = 0;
+  virtual void run() = 0;
+  virtual void exit() = 0;
+  virtual FSMStateName checkChange() {return FSMStateName::INVALID;}
@@ -28,2 +28,3 @@
-    FSMStateName _stateName;
-    std::string _stateNameString;
+  FSMStateName _stateName;
+  std::string _stateNameString;
+
@@ -31,2 +32,2 @@
-    CtrlComponents *_ctrlComp;
-    FSMStateName _nextStateName;
+  CtrlComponents * _ctrlComp;
+  FSMStateName _nextStateName;
@@ -34,3 +35,3 @@
-    LowlevelCmd *_lowCmd;
-    LowlevelState *_lowState;
-    UserValue _userValue;
+  LowlevelCmd * _lowCmd;
+  LowlevelState * _lowState;
+  UserValue _userValue;
@@ -39 +40 @@
-#endif  // FSMSTATE_H
+#endif  // FSMSTATE_H

Code style divergence in file 'include/FSM/State_BalanceTest.h':

--- include/FSM/State_BalanceTest.h
+++ include/FSM/State_BalanceTest.h.uncrustify
@@ -9 +9 @@
-class State_BalanceTest : public FSMState{
+class State_BalanceTest: public FSMState {
@@ -11,6 +11,8 @@
-    State_BalanceTest(CtrlComponents *ctrlComp);
-    ~State_BalanceTest(){}
-    void enter();
-    void run();
-    void exit();
-    FSMStateName checkChange();
+  State_BalanceTest(CtrlComponents * ctrlComp);
+  ~State_BalanceTest() {
+  }
+  void enter();
+  void run();
+  void exit();
+  FSMStateName checkChange();
+
@@ -18 +20 @@
-    void calcTau();
+  void calcTau();
@@ -20,3 +22,3 @@
-    Estimator *_est;
-    QuadrupedRobot *_robModel;
-    BalanceCtrl *_balCtrl;
+  Estimator * _est;
+  QuadrupedRobot * _robModel;
+  BalanceCtrl * _balCtrl;
@@ -24 +26 @@
-    VecInt4 *_contact;
+  VecInt4 * _contact;
@@ -26,5 +28,5 @@
-    RotMat _Rd, _RdInit;
-    Vec3 _pcd, _pcdInit;
-    double _kpw;
-    Mat3 _Kpp, _Kdp, _Kdw;
-    Vec3 _ddPcd, _dWbd;
+  RotMat _Rd, _RdInit;
+  Vec3 _pcd, _pcdInit;
+  double _kpw;
+  Mat3 _Kpp, _Kdp, _Kdw;
+  Vec3 _ddPcd, _dWbd;
@@ -32,5 +34,5 @@
-    Vec12 _q, _tau;
-    Vec3 _posBody, _velBody;
-    RotMat _B2G_RotMat, _G2B_RotMat;
-    Vec34 _posFeet2BGlobal;
-    Vec34 _forceFeetGlobal, _forceFeetBody;
+  Vec12 _q, _tau;
+  Vec3 _posBody, _velBody;
+  RotMat _B2G_RotMat, _G2B_RotMat;
+  Vec34 _posFeet2BGlobal;
+  Vec34 _forceFeetGlobal, _forceFeetBody;
@@ -38,4 +40,4 @@
-    float _xMax, _xMin;
-    float _yMax, _yMin;
-    float _zMax, _zMin;
-    float _yawMax, _yawMin;
+  float _xMax, _xMin;
+  float _yMax, _yMin;
+  float _zMax, _zMin;
+  float _yawMax, _yawMin;
@@ -44 +46 @@
-#endif  // BALANCETEST_H
+#endif  // BALANCETEST_H

Code style divergence in file 'include/FSM/State_FixedStand.h':

--- include/FSM/State_FixedStand.h
+++ include/FSM/State_FixedStand.h.uncrustify
@@ -9 +9 @@
-class State_FixedStand : public FSMState{
+class State_FixedStand: public FSMState {
@@ -11,6 +11,7 @@
-    State_FixedStand(CtrlComponents *ctrlComp);
-    ~State_FixedStand(){}
-    void enter();
-    void run();
-    void exit();
-    FSMStateName checkChange();
+  State_FixedStand(CtrlComponents * ctrlComp);
+  ~State_FixedStand() {
+  }
+  void enter();
+  void run();
+  void exit();
+  FSMStateName checkChange();
@@ -19,5 +20,5 @@
-    float _targetPos[12] = {0.0, 0.67, -1.3, 0.0, 0.67, -1.3, 
-                            0.0, 0.67, -1.3, 0.0, 0.67, -1.3};
-    float _startPos[12];
-    float _duration = 1000;   //steps
-    float _percent = 0;       //%
+  float _targetPos[12] = {0.0, 0.67, -1.3, 0.0, 0.67, -1.3,
+    0.0, 0.67, -1.3, 0.0, 0.67, -1.3};
+  float _startPos[12];
+  float _duration = 1000;     //steps
+  float _percent = 0;         //%
@@ -26 +27 @@
-#endif  // FIXEDSTAND_H
+#endif  // FIXEDSTAND_H

Code style divergence in file 'include/FSM/State_FreeStand.h':

--- include/FSM/State_FreeStand.h
+++ include/FSM/State_FreeStand.h.uncrustify
@@ -9 +9 @@
-class State_FreeStand : public FSMState{
+class State_FreeStand: public FSMState {
@@ -11,6 +11,8 @@
-    State_FreeStand(CtrlComponents *ctrlComp);
-    ~State_FreeStand(){}
-    void enter();
-    void run();
-    void exit();
-    FSMStateName checkChange();
+  State_FreeStand(CtrlComponents * ctrlComp);
+  ~State_FreeStand() {
+  }
+  void enter();
+  void run();
+  void exit();
+  FSMStateName checkChange();
+
@@ -18,6 +20,6 @@
-    Vec3 _initVecOX;
-    Vec34 _initVecXP;
-    float _rowMax, _rowMin;
-    float _pitchMax, _pitchMin;
-    float _yawMax, _yawMin;
-    float _heightMax, _heightMin;
+  Vec3 _initVecOX;
+  Vec34 _initVecXP;
+  float _rowMax, _rowMin;
+  float _pitchMax, _pitchMin;
+  float _yawMax, _yawMin;
+  float _heightMax, _heightMin;
@@ -25,2 +27,2 @@
-    Vec34 _calcOP(float row, float pitch, float yaw, float height);
-    void _calcCmd(Vec34 vecOP);
+  Vec34 _calcOP(float row, float pitch, float yaw, float height);
+  void _calcCmd(Vec34 vecOP);
@@ -29 +31 @@
-#endif  // FREESTAND_H
+#endif  // FREESTAND_H

Code style divergence in file 'include/FSM/State_Passive.h':

--- include/FSM/State_Passive.h
+++ include/FSM/State_Passive.h.uncrustify
@@ -9 +9 @@
-class State_Passive : public FSMState{
+class State_Passive: public FSMState {
@@ -11,5 +11,5 @@
-    State_Passive(CtrlComponents *ctrlComp);
-    void enter();
-    void run();
-    void exit();
-    FSMStateName checkChange();
+  State_Passive(CtrlComponents * ctrlComp);
+  void enter();
+  void run();
+  void exit();
+  FSMStateName checkChange();
@@ -18 +18 @@
-#endif  // PASSIVE_H
+#endif  // PASSIVE_H

Code style divergence in file 'include/FSM/State_StepTest.h':

--- include/FSM/State_StepTest.h
+++ include/FSM/State_StepTest.h.uncrustify
@@ -9 +9 @@
-class State_StepTest : public FSMState{
+class State_StepTest: public FSMState {
@@ -11,6 +11,8 @@
-    State_StepTest(CtrlComponents *ctrlComp);
-    ~State_StepTest(){}
-    void enter();
-    void run();
-    void exit();
-    FSMStateName checkChange();
+  State_StepTest(CtrlComponents * ctrlComp);
+  ~State_StepTest() {
+  }
+  void enter();
+  void run();
+  void exit();
+  FSMStateName checkChange();
+
@@ -18 +20 @@
-    void calcTau();
+  void calcTau();
@@ -20 +22 @@
-    float _gaitHeight;
+  float _gaitHeight;
@@ -22,3 +24,3 @@
-    Estimator *_est;
-    QuadrupedRobot *_robModel;
-    BalanceCtrl *_balCtrl;
+  Estimator * _est;
+  QuadrupedRobot * _robModel;
+  BalanceCtrl * _balCtrl;
@@ -26,2 +28,2 @@
-    VecInt4 *_contact;
-    Vec4 *_phase;
+  VecInt4 * _contact;
+  Vec4 * _phase;
@@ -29,5 +31,5 @@
-    RotMat _Rd;
-    Vec3 _pcd;
-    Mat3 _Kpp, _Kpw, _Kdp, _Kdw;
-    Mat3 _KpSwing, _KdSwing;
-    Vec3 _ddPcd, _dWbd;
+  RotMat _Rd;
+  Vec3 _pcd;
+  Mat3 _Kpp, _Kpw, _Kdp, _Kdw;
+  Mat3 _KpSwing, _KdSwing;
+  Vec3 _ddPcd, _dWbd;
@@ -35,7 +37,7 @@
-    Vec12 _q, _tau;
-    Vec3 _posBody, _velBody;
-    RotMat _B2G_RotMat, _G2B_RotMat;
-    Vec34 _posFeet2BGlobal;
-    Vec34 _posFeetGlobalInit, _posFeetGlobalGoal, _velFeetGlobalGoal;
-    Vec34 _posFeetGlobal, _velFeetGlobal;
-    Vec34 _forceFeetGlobal, _forceFeetBody;
+  Vec12 _q, _tau;
+  Vec3 _posBody, _velBody;
+  RotMat _B2G_RotMat, _G2B_RotMat;
+  Vec34 _posFeet2BGlobal;
+  Vec34 _posFeetGlobalInit, _posFeetGlobalGoal, _velFeetGlobalGoal;
+  Vec34 _posFeetGlobal, _velFeetGlobal;
+  Vec34 _forceFeetGlobal, _forceFeetBody;
@@ -44 +46 @@
-#endif  // STEPTEST_H
+#endif  // STEPTEST_H

Code style divergence in file 'include/FSM/State_SwingTest.h':

--- include/FSM/State_SwingTest.h
+++ include/FSM/State_SwingTest.h.uncrustify
@@ -10 +10 @@
-class State_SwingTest : public FSMState{
+class State_SwingTest: public FSMState {
@@ -12,6 +12,8 @@
-    State_SwingTest(CtrlComponents *ctrlComp);
-    ~State_SwingTest(){};
-    void enter();
-    void run();
-    void exit();
-    FSMStateName checkChange();
+  State_SwingTest(CtrlComponents * ctrlComp);
+  ~State_SwingTest() {
+  };
+  void enter();
+  void run();
+  void exit();
+  FSMStateName checkChange();
+
@@ -19,2 +21,2 @@
-    void _positionCtrl();
-    void _torqueCtrl();
+  void _positionCtrl();
+  void _torqueCtrl();
@@ -22,7 +24,7 @@
-    Vec34 _initFeetPos, _feetPos;
-    Vec3  _initPos, _posGoal;
-    Vec12 _targetPos;
-    float _xMin, _xMax;
-    float _yMin, _yMax;
-    float _zMin, _zMax;
-    Mat3 _Kp, _Kd;
+  Vec34 _initFeetPos, _feetPos;
+  Vec3 _initPos, _posGoal;
+  Vec12 _targetPos;
+  float _xMin, _xMax;
+  float _yMin, _yMax;
+  float _zMin, _zMax;
+  Mat3 _Kp, _Kd;
@@ -31 +33 @@
-#endif  // STATE_SWINGTEST_H
+#endif  // STATE_SWINGTEST_H

Code style divergence in file 'include/FSM/State_Trotting.h':

--- include/FSM/State_Trotting.h
+++ include/FSM/State_Trotting.h.uncrustify
@@ -11 +11 @@
-class State_Trotting : public FSMState{
+class State_Trotting: public FSMState {
@@ -13,7 +13,8 @@
-    State_Trotting(CtrlComponents *ctrlComp);
-    ~State_Trotting();
-    void enter();
-    void run();
-    void exit();
-    virtual FSMStateName checkChange();
-    void setHighCmd(double vx, double vy, double wz);
+  State_Trotting(CtrlComponents * ctrlComp);
+  ~State_Trotting();
+  void enter();
+  void run();
+  void exit();
+  virtual FSMStateName checkChange();
+  void setHighCmd(double vx, double vy, double wz);
+
@@ -21,6 +22,6 @@
-    void calcTau();
-    void calcQQd();
-    void calcCmd();
-    virtual void getUserCmd();
-    void calcBalanceKp();
-    bool checkStepOrNot();
+  void calcTau();
+  void calcQQd();
+  void calcCmd();
+  virtual void getUserCmd();
+  void calcBalanceKp();
+  bool checkStepOrNot();
@@ -28,4 +29,4 @@
-    GaitGenerator *_gait;
-    Estimator *_est;
-    QuadrupedRobot *_robModel;
-    BalanceCtrl *_balCtrl;
+  GaitGenerator * _gait;
+  Estimator * _est;
+  QuadrupedRobot * _robModel;
+  BalanceCtrl * _balCtrl;
@@ -33,7 +34,7 @@
-    // Rob State
-    Vec3  _posBody, _velBody;
-    double _yaw, _dYaw;
-    Vec34 _posFeetGlobal, _velFeetGlobal;
-    Vec34 _posFeet2BGlobal;
-    RotMat _B2G_RotMat, _G2B_RotMat;
-    Vec12 _q;
+  // Rob State
+  Vec3 _posBody, _velBody;
+  double _yaw, _dYaw;
+  Vec34 _posFeetGlobal, _velFeetGlobal;
+  Vec34 _posFeet2BGlobal;
+  RotMat _B2G_RotMat, _G2B_RotMat;
+  Vec12 _q;
@@ -41,13 +42,13 @@
-    // Robot command
-    Vec3 _pcd;
-    Vec3 _vCmdGlobal, _vCmdBody;
-    double _yawCmd, _dYawCmd;
-    double _dYawCmdPast;
-    Vec3 _wCmdGlobal;
-    Vec34 _posFeetGlobalGoal, _velFeetGlobalGoal;
-    Vec34 _posFeet2BGoal, _velFeet2BGoal;
-    RotMat _Rd;
-    Vec3 _ddPcd, _dWbd;
-    Vec34 _forceFeetGlobal, _forceFeetBody;
-    Vec34 _qGoal, _qdGoal;
-    Vec12 _tau;
+  // Robot command
+  Vec3 _pcd;
+  Vec3 _vCmdGlobal, _vCmdBody;
+  double _yawCmd, _dYawCmd;
+  double _dYawCmdPast;
+  Vec3 _wCmdGlobal;
+  Vec34 _posFeetGlobalGoal, _velFeetGlobalGoal;
+  Vec34 _posFeet2BGoal, _velFeet2BGoal;
+  RotMat _Rd;
+  Vec3 _ddPcd, _dWbd;
+  Vec34 _forceFeetGlobal, _forceFeetBody;
+  Vec34 _qGoal, _qdGoal;
+  Vec12 _tau;
@@ -55,9 +56,9 @@
-    // Control Parameters
-    double _gaitHeight;
-    Vec3 _posError, _velError;
-    Mat3 _Kpp, _Kdp, _Kdw;
-    double _kpw;
-    Mat3 _KpSwing, _KdSwing;
-    Vec2 _vxLim, _vyLim, _wyawLim;
-    Vec4 *_phase;
-    VecInt4 *_contact;
+  // Control Parameters
+  double _gaitHeight;
+  Vec3 _posError, _velError;
+  Mat3 _Kpp, _Kdp, _Kdw;
+  double _kpw;
+  Mat3 _KpSwing, _KdSwing;
+  Vec2 _vxLim, _vyLim, _wyawLim;
+  Vec4 * _phase;
+  VecInt4 * _contact;
@@ -65,3 +66,3 @@
-    // Calculate average value
-    AvgCov *_avg_posError = new AvgCov(3, "_posError", true, 1000, 1000, 1);
-    AvgCov *_avg_angError = new AvgCov(3, "_angError", true, 1000, 1000, 1000);
+  // Calculate average value
+  AvgCov * _avg_posError = new AvgCov(3, "_posError", true, 1000, 1000, 1);
+  AvgCov * _avg_angError = new AvgCov(3, "_angError", true, 1000, 1000, 1000);
@@ -70 +71 @@
-#endif  // TROTTING_H
+#endif  // TROTTING_H

Code style divergence in file 'include/FSM/State_move_base.h':

--- include/FSM/State_move_base.h
+++ include/FSM/State_move_base.h.uncrustify
@@ -13 +13 @@
-class State_move_base : public State_Trotting{
+class State_move_base: public State_Trotting {
@@ -15,3 +15,5 @@
-    State_move_base(CtrlComponents *ctrlComp);
-    ~State_move_base(){}
-    FSMStateName checkChange();
+  State_move_base(CtrlComponents * ctrlComp);
+  ~State_move_base() {
+  }
+  FSMStateName checkChange();
+
@@ -19,7 +21,7 @@
-    void getUserCmd();
-    void initRecv();
-    void twistCallback(const geometry_msgs::Twist::msg::SharedPtr msg);
-    ros::NodeHandle _nm;
-    ros::Subscriber _cmdSub;
-    double _vx, _vy;
-    double _wz;
+  void getUserCmd();
+  void initRecv();
+  void twistCallback(const geometry_msgs::Twist::msg::SharedPtr msg);
+  ros::NodeHandle _nm;
+  ros::Subscriber _cmdSub;
+  double _vx, _vy;
+  double _wz;
@@ -41 +43 @@
-class State_move_base : public State_Trotting{
+class State_move_base: public State_Trotting {
@@ -43,3 +45,5 @@
-    State_move_base(CtrlComponents *ctrlComp);
-    ~State_move_base(){}
-    FSMStateName checkChange();
+  State_move_base(CtrlComponents * ctrlComp);
+  ~State_move_base() {
+  }
+  FSMStateName checkChange();
+
@@ -47,9 +51,9 @@
-    void getUserCmd();
-    void initRecv();
-    void twistCallback(const geometry_msgs::msg::Twist::SharedPtr msg);
-    rclcpp::Node::SharedPtr _nm;
-    rclcpp::Subscription&lt;geometry_msgs::msg::Twist&gt;::SharedPtr _cmdSub;
-    double _vx, _vy;
-    double _wz;
-    rclcpp::executors::MultiThreadedExecutor::SharedPtr executor;
-    std::thread executor_thread;
+  void getUserCmd();
+  void initRecv();
+  void twistCallback(const geometry_msgs::msg::Twist::SharedPtr msg);
+  rclcpp::Node::SharedPtr _nm;
+  rclcpp::Subscription &lt; geometry_msgs::msg::Twist &gt; ::SharedPtr _cmdSub;
+  double _vx, _vy;
+  double _wz;
+  rclcpp::executors::MultiThreadedExecutor::SharedPtr executor;
+  std::thread executor_thread;
@@ -60 +64 @@
-#endif  // COMPILE_WITH_ROS2_MB
+#endif  // COMPILE_WITH_ROS2_MB

Code style divergence in file 'include/Gait/FeetEndCal.h':

--- include/Gait/FeetEndCal.h
+++ include/Gait/FeetEndCal.h.uncrustify
@@ -10 +10 @@
-class FeetEndCal{
+class FeetEndCal {
@@ -12,3 +12,4 @@
-    FeetEndCal(CtrlComponents *ctrlComp);
-    ~FeetEndCal();
-    Vec3 calFootPos(int legID, Vec2 vxyGoalGlobal, float dYawGoal, float phase);
+  FeetEndCal(CtrlComponents * ctrlComp);
+  ~FeetEndCal();
+  Vec3 calFootPos(int legID, Vec2 vxyGoalGlobal, float dYawGoal, float phase);
+
@@ -16,3 +17,3 @@
-    LowlevelState *_lowState;
-    Estimator *_est;
-    QuadrupedRobot *_robModel;
+  LowlevelState * _lowState;
+  Estimator * _est;
+  QuadrupedRobot * _robModel;
@@ -20,4 +21,4 @@
-    Vec3 _nextStep, _footPos;
-    Vec3 _bodyVelGlobal;        // linear velocity
-    Vec3 _bodyAccGlobal;        // linear accelerator
-    Vec3 _bodyWGlobal;          // angular velocity
+  Vec3 _nextStep, _footPos;
+  Vec3 _bodyVelGlobal;          // linear velocity
+  Vec3 _bodyAccGlobal;          // linear accelerator
+  Vec3 _bodyWGlobal;            // angular velocity
@@ -25,2 +26,2 @@
-    Vec4 _feetRadius, _feetInitAngle;
-    float _yaw, _dYaw, _nextYaw;
+  Vec4 _feetRadius, _feetInitAngle;
+  float _yaw, _dYaw, _nextYaw;
@@ -28,2 +29,2 @@
-    float _Tstance, _Tswing;
-    float _kx, _ky, _kyaw;
+  float _Tstance, _Tswing;
+  float _kx, _ky, _kyaw;
@@ -32 +33 @@
-#endif  // FEETENDCAL_H
+#endif  // FEETENDCAL_H

Code style divergence in file 'include/Gait/GaitGenerator.h':

--- include/Gait/GaitGenerator.h
+++ include/Gait/GaitGenerator.h.uncrustify
@@ -15 +15 @@
-class GaitGenerator{
+class GaitGenerator {
@@ -17,7 +17,8 @@
-    GaitGenerator(CtrlComponents *ctrlComp);
-    ~GaitGenerator();
-    void setGait(Vec2 vxyGoalGlobal, float dYawGoal, float gaitHeight);
-    void run(Vec34 &amp;feetPos, Vec34 &amp;feetVel);
-    Vec3 getFootPos(int i);
-    Vec3 getFootVel(int i);
-    void restart();
+  GaitGenerator(CtrlComponents * ctrlComp);
+  ~GaitGenerator();
+  void setGait(Vec2 vxyGoalGlobal, float dYawGoal, float gaitHeight);
+  void run(Vec34 &amp; feetPos, Vec34 &amp; feetVel);
+  Vec3 getFootPos(int i);
+  Vec3 getFootVel(int i);
+  void restart();
+
@@ -25,4 +26,4 @@
-    float cycloidXYPosition(float startXY, float endXY, float phase);
-    float cycloidXYVelocity(float startXY, float endXY, float phase);
-    float cycloidZPosition(float startZ, float height, float phase);
-    float cycloidZVelocity(float height, float phase);
+  float cycloidXYPosition(float startXY, float endXY, float phase);
+  float cycloidXYVelocity(float startXY, float endXY, float phase);
+  float cycloidZPosition(float startZ, float height, float phase);
+  float cycloidZVelocity(float height, float phase);
@@ -30,12 +31,12 @@
-    WaveGenerator *_waveG;
-    Estimator *_est;
-    FeetEndCal *_feetCal;
-    QuadrupedRobot *_robModel;
-    LowlevelState *_state;
-    float _gaitHeight;
-    Vec2 _vxyGoal;
-    float _dYawGoal;
-    Vec4 *_phase, _phasePast;
-    VecInt4 *_contact;
-    Vec34 _startP, _endP, _idealP, _pastP;
-    bool _firstRun;
+  WaveGenerator * _waveG;
+  Estimator * _est;
+  FeetEndCal * _feetCal;
+  QuadrupedRobot * _robModel;
+  LowlevelState * _state;
+  float _gaitHeight;
+  Vec2 _vxyGoal;
+  float _dYawGoal;
+  Vec4 * _phase, _phasePast;
+  VecInt4 * _contact;
+  Vec34 _startP, _endP, _idealP, _pastP;
+  bool _firstRun;
@@ -44 +45 @@
-    PyPlot _testGaitPlot;
+  PyPlot _testGaitPlot;
@@ -49 +50 @@
-#endif  // GAITGENERATOR_H
+#endif  // GAITGENERATOR_H

Code style divergence in file 'include/Gait/WaveGenerator.h':

--- include/Gait/WaveGenerator.h
+++ include/Gait/WaveGenerator.h.uncrustify
@@ -17 +17 @@
-class WaveGenerator{
+class WaveGenerator {
@@ -19,6 +19,7 @@
-    WaveGenerator(double period, double stancePhaseRatio, Vec4 bias);
-    ~WaveGenerator();
-    void calcContactPhase(Vec4 &amp;phaseResult, VecInt4 &amp;contactResult, WaveStatus status);
-    float getTstance();
-    float getTswing();
-    float getT();
+  WaveGenerator(double period, double stancePhaseRatio, Vec4 bias);
+  ~WaveGenerator();
+  void calcContactPhase(Vec4 &amp; phaseResult, VecInt4 &amp; contactResult, WaveStatus status);
+  float getTstance();
+  float getTswing();
+  float getT();
+
@@ -26 +27 @@
-    void calcWave(Vec4 &amp;phase, VecInt4 &amp;contact, WaveStatus status);
+  void calcWave(Vec4 &amp; phase, VecInt4 &amp; contact, WaveStatus status);
@@ -28,3 +29,3 @@
-    double _period;
-    double _stRatio;
-    Vec4 _bias;
+  double _period;
+  double _stRatio;
+  Vec4 _bias;
@@ -32,5 +33,5 @@
-    Vec4 _normalT;                   // [0, 1)
-    Vec4 _phase, _phasePast;
-    VecInt4 _contact, _contactPast;
-    VecInt4 _switchStatus;          // 1: switching, 0: do not switch
-    WaveStatus _statusPast;
+  Vec4 _normalT;                     // [0, 1)
+  Vec4 _phase, _phasePast;
+  VecInt4 _contact, _contactPast;
+  VecInt4 _switchStatus;            // 1: switching, 0: do not switch
+  WaveStatus _statusPast;
@@ -38,2 +39,2 @@
-    double _passT;                   // unit: second
-    long long _startT;    // unit: us
+  double _passT;                     // unit: second
+  long long _startT;      // unit: us
@@ -41 +42 @@
-    PyPlot _testPlot;
+  PyPlot _testPlot;
@@ -46 +47 @@
-#endif  // WAVEGENERATOR_H
+#endif  // WAVEGENERATOR_H

Code style divergence in file 'include/common/LowPassFilter.h':

--- include/common/LowPassFilter.h
+++ include/common/LowPassFilter.h.uncrustify
@@ -7 +7 @@
-class LPFilter{
+class LPFilter {
@@ -9,5 +9,6 @@
-    LPFilter(double samplePeriod, double cutFrequency);
-    ~LPFilter();
-    void addValue(double newValue);
-    double getValue();
-    void clear();
+  LPFilter(double samplePeriod, double cutFrequency);
+  ~LPFilter();
+  void addValue(double newValue);
+  double getValue();
+  void clear();
+
@@ -15,3 +16,3 @@
-    double _weight;
-    double _pastValue;
-    bool _start;
+  double _weight;
+  double _pastValue;
+  bool _start;
@@ -20 +21 @@
-#endif  // LOWPASSFILTER
+#endif  // LOWPASSFILTER

Code style divergence in file 'include/common/PyPlot.h':

--- include/common/PyPlot.h
+++ include/common/PyPlot.h.uncrustify
@@ -18,12 +18,11 @@
-struct Curve{
-    std::vector&lt;double&gt; x;
-    std::vector&lt;double&gt; y;
-
-    void printXY(double xRough, int pointNum){
-        for(int i(0); i&lt;x.size(); ++i){
-            if(xRough &lt; x[i]){
-                for(int j(0); j &lt; pointNum; ++j){
-                    std::cout &lt;&lt; "  X: " &lt;&lt; x[i+j] &lt;&lt; ", Y: " &lt;&lt; y[i+j] &lt;&lt; std::endl;
-                }
-                break;
-            }
+struct Curve
+{
+  std::vector &lt; double &gt; x;
+  std::vector &lt; double &gt; y;
+
+  void printXY(double xRough, int pointNum)
+  {
+    for (int i(0); i &lt; x.size(); ++i) {
+      if (xRough &lt; x[i]) {
+        for (int j(0); j &lt; pointNum; ++j) {
+          std::cout &lt;&lt; "  X: " &lt;&lt; x[i + j] &lt;&lt; ", Y: " &lt;&lt; y[i + j] &lt;&lt; std::endl;
@@ -31 +30,4 @@
-    }
+        break;
+      }
+    }
+  }
@@ -34,30 +36,33 @@
-struct Plot{
-    std::vector&lt;Curve*&gt; curves;
-    std::vector&lt;std::string&gt; labels;
-    std::string plotName;
-    int curveCount;
-
-    std::map&lt;std::string, int&gt; curveName2ID;
-
-    Plot(std::string name, int count, std::vector&lt;std::string&gt; labelVec)
-        :plotName(name), curveCount(count), labels(labelVec){
-        for(int i(0); i &lt; count; ++i){
-            curveName2ID.insert(std::pair&lt;std::string, int&gt;(labels[i], i));
-            curves.push_back(new Curve());
-        }
-    }
-
-    ~Plot(){
-        for(int i(0); i &lt; curveCount; ++i){
-            delete curves[i];
-        }
-    }
-
-    double getX(long long startT){
-        return (double)(getSystemTime() - startT) * 1e-6;
-    }
-
-    void printXY(std::string curveName, double xRough, int pointNum){
-        std::cout &lt;&lt; "[DEBUG] Plot: " &lt;&lt; plotName &lt;&lt; ", Curve: " &lt;&lt; curveName &lt;&lt; std::endl;
-        curves[curveName2ID[curveName]]-&gt;printXY(xRough, pointNum);
-    }
+struct Plot
+{
+  std::vector &lt; Curve * &gt; curves;
+  std::vector &lt; std::string &gt; labels;
+  std::string plotName;
+  int curveCount;
+
+  std::map &lt; std::string, int &gt; curveName2ID;
+
+  Plot(std::string name, int count, std::vector &lt; std::string &gt; labelVec)
+    : plotName(name), curveCount(count), labels(labelVec) {
+    for (int i(0); i &lt; count; ++i) {
+      curveName2ID.insert(std::pair &lt; std::string, int &gt; (labels[i], i));
+      curves.push_back(new Curve());
+    }
+  }
+
+  ~Plot() {
+    for (int i(0); i &lt; curveCount; ++i) {
+      delete curves[i];
+    }
+  }
+
+  double getX(long long startT)
+  {
+    return (double)(getSystemTime() - startT) * 1e-6;
+  }
+
+  void printXY(std::string curveName, double xRough, int pointNum)
+  {
+    std::cout &lt;&lt; "[DEBUG] Plot: " &lt;&lt; plotName &lt;&lt; ", Curve: " &lt;&lt; curveName &lt;&lt; std::endl;
+    curves[curveName2ID[curveName]]-&gt;printXY(xRough, pointNum);
+  }
@@ -66 +71 @@
-class PyPlot{
+class PyPlot {
@@ -68,27 +73,27 @@
-    PyPlot();
-    ~PyPlot();
-    void addPlot(std::string plotName, int curveCount, std::vector&lt;std::string&gt; labelVec);
-    void addPlot(std::string plotName, int curveCount);
-    void showPlot(std::string plotName);
-    void showPlot(std::vector&lt;std::string&gt; plotNameVec);
-    void showPlotAll();
-
-    void printXY(std::string plotName, std::string curveName, double xRough, int pointNum = 1);
-
-    void addFrame(std::string plotName, double value);
-    void addFrame(std::string plotName, double x, double value);
-
-    template &lt;typename T&gt;
-    void addFrame(std::string plotName, T* valueArray);
-    template &lt;typename T&gt;
-    void addFrame(std::string plotName, double x, T* valueArray);
-
-    template &lt;typename T&gt;
-    void addFrame(std::string plotName, const Eigen::MatrixBase&lt;T&gt; &amp;vec);
-    template &lt;typename T&gt;
-    void addFrame(std::string plotName, double x, const Eigen::MatrixBase&lt;T&gt; &amp;vec);
-
-    template &lt;typename T&gt;
-    void addFrame(std::string plotName, const std::vector&lt;T&gt; &amp;vec);
-    template &lt;typename T&gt;
-    void addFrame(std::string plotName, double x, const std::vector&lt;T&gt; &amp;vec);
+  PyPlot();
+  ~PyPlot();
+  void addPlot(std::string plotName, int curveCount, std::vector &lt; std::string &gt; labelVec);
+  void addPlot(std::string plotName, int curveCount);
+  void showPlot(std::string plotName);
+  void showPlot(std::vector &lt; std::string &gt; plotNameVec);
+  void showPlotAll();
+
+  void printXY(std::string plotName, std::string curveName, double xRough, int pointNum = 1);
+
+  void addFrame(std::string plotName, double value);
+  void addFrame(std::string plotName, double x, double value);
+
+  template &lt; typename T &gt;
+  void addFrame(std::string plotName, T * valueArray);
+  template &lt; typename T &gt;
+  void addFrame(std::string plotName, double x, T * valueArray);
+
+  template &lt; typename T &gt;
+  void addFrame(std::string plotName, const Eigen::MatrixBase &lt; T &gt; &amp; vec);
+  template &lt; typename T &gt;
+  void addFrame(std::string plotName, double x, const Eigen::MatrixBase &lt; T &gt; &amp; vec);
+
+  template &lt; typename T &gt;
+  void addFrame(std::string plotName, const std::vector &lt; T &gt; &amp; vec);
+  template &lt; typename T &gt;
+  void addFrame(std::string plotName, double x, const std::vector &lt; T &gt; &amp; vec);
@@ -97,8 +102,8 @@
-    void _checkStart();
-    int _plotCount = 0;
-    std::map&lt;std::string, int&gt; _plotName2ID;
-    std::vector&lt; Plot* &gt; _plots;
-    long long _pointNum;
-    Plot* _getPlotPtr(std::string plotName);
-    bool start;
-    long long startT;
+  void _checkStart();
+  int _plotCount = 0;
+  std::map &lt; std::string, int &gt; _plotName2ID;
+  std::vector &lt; Plot * &gt; _plots;
+  long long _pointNum;
+  Plot * _getPlotPtr(std::string plotName);
+  bool start;
+  long long startT;
@@ -107,43 +112,68 @@
-inline PyPlot::PyPlot(){
-    start = false;
-}
-
-inline PyPlot::~PyPlot(){
-    for(int i(0); i &lt; _plotCount; ++i){
-        delete _plots[i];
-    }
-}
-
-inline void PyPlot::_checkStart(){
-    if(!start){
-        start = true;
-        startT = getSystemTime();
-    }
-}
-
-inline void PyPlot::printXY(std::string plotName, std::string curveName, double xRough, int pointNum){
-    _plots[_plotName2ID[plotName]]-&gt;printXY(curveName, xRough, pointNum);
-}
-
-inline void PyPlot::addPlot(std::string plotName, int curveCount, std::vector&lt;std::string&gt; labelVec){
-    if(_plotName2ID.count(plotName) == 0){
-        _plotName2ID.insert(std::pair&lt;std::string, int&gt;(plotName, _plotCount));
-        ++_plotCount;
-
-        _plots.push_back( new Plot(plotName, curveCount, labelVec) );
-    }else{
-        std::cout &lt;&lt; "[ERROR] Already has same Plot: " &lt;&lt; plotName &lt;&lt; std::endl;
-        exit(-1);
-    }
-}
-
-inline void PyPlot::addPlot(std::string plotName, int curveCount){
-    std::vector&lt;std::string&gt; label;
-    for(int i(0); i &lt; curveCount; ++i){
-        label.push_back(std::to_string(i+1));
-    }
-    addPlot(plotName, curveCount, label);
-}
-
-inline void PyPlot::showPlot(std::string plotName){
-    Plot* plot = _getPlotPtr(plotName);
+inline PyPlot::PyPlot()
+{
+  start = false;
+}
+
+inline PyPlot::~PyPlot()
+{
+  for (int i(0); i &lt; _plotCount; ++i) {
+    delete _plots[i];
+  }
+}
+
+inline void PyPlot::_checkStart()
+{
+  if (!start) {
+    start = true;
+    startT = getSystemTime();
+  }
+}
+
+inline void PyPlot::printXY(
+  std::string plotName, std::string curveName, double xRough,
+  int pointNum)
+{
+  _plots[_plotName2ID[plotName]]-&gt;printXY(curveName, xRough, pointNum);
+}
+
+inline void PyPlot::addPlot(
+  std::string plotName, int curveCount,
+  std::vector &lt; std::string &gt; labelVec)
+{
+  if (_plotName2ID.count(plotName) == 0) {
+    _plotName2ID.insert(std::pair &lt; std::string, int &gt; (plotName, _plotCount));
+    ++_plotCount;
+
+    _plots.push_back(new Plot(plotName, curveCount, labelVec) );
+  } else {
+    std::cout &lt;&lt; "[ERROR] Already has same Plot: " &lt;&lt; plotName &lt;&lt; std::endl;
+    exit(-1);
+  }
+}
+
+inline void PyPlot::addPlot(std::string plotName, int curveCount)
+{
+  std::vector &lt; std::string &gt; label;
+  for (int i(0); i &lt; curveCount; ++i) {
+    label.push_back(std::to_string(i + 1));
+  }
+  addPlot(plotName, curveCount, label);
+}
+
+inline void PyPlot::showPlot(std::string plotName)
+{
+  Plot * plot = _getPlotPtr(plotName);
+  plt::figure();
+  plt::title(plot-&gt;plotName);
+  for (int i(0); i &lt; plot-&gt;curveCount; ++i) {
+    plt::named_plot(plot-&gt;labels[i], plot-&gt;curves[i]-&gt;x, plot-&gt;curves[i]-&gt;y);
+  }
+  plt::legend();
+  plt::show();
+}
+
+inline void PyPlot::showPlot(std::vector &lt; std::string &gt; plotNameVec)
+{
+  for (std::vector &lt; std::string &gt; ::iterator itName = plotNameVec.begin();
+    itName != plotNameVec.end(); ++itName)
+  {
@@ -150,0 +181 @@
+    Plot * plot = _plots[_plotName2ID[*itName]];
@@ -152,2 +183,2 @@
-    for(int i(0); i &lt; plot-&gt;curveCount; ++i){
-        plt::named_plot(plot-&gt;labels[i], plot-&gt;curves[i]-&gt;x, plot-&gt;curves[i]-&gt;y);
+    for (int i(0); i &lt; plot-&gt;curveCount; ++i) {
+      plt::named_plot(plot-&gt;labels[i], plot-&gt;curves[i]-&gt;x, plot-&gt;curves[i]-&gt;y);
@@ -156,103 +187,101 @@
-    plt::show();
-}
-
-inline void PyPlot::showPlot(std::vector&lt;std::string&gt; plotNameVec){
-    for(std::vector&lt;std::string&gt;::iterator itName = plotNameVec.begin(); itName != plotNameVec.end(); ++itName){
-        plt::figure();
-        Plot* plot = _plots[_plotName2ID[*itName]];
-        plt::title(plot-&gt;plotName);
-        for(int i(0); i &lt; plot-&gt;curveCount; ++i){
-            plt::named_plot(plot-&gt;labels[i], plot-&gt;curves[i]-&gt;x, plot-&gt;curves[i]-&gt;y);
-        }
-        plt::legend();
-    }
-    plt::show();
-}
-
-inline void PyPlot::showPlotAll(){
-    for(int i(0); i &lt; _plotCount; ++i){
-        plt::figure();
-        Plot* plot = _plots[i];
-        plt::title(plot-&gt;plotName);
-        for(int j(0); j &lt; plot-&gt;curveCount; ++j){
-            plt::named_plot(plot-&gt;labels[j], plot-&gt;curves[j]-&gt;x, plot-&gt;curves[j]-&gt;y);
-        }
-        plt::legend();
-    }
-    plt::show();
-    exit(0);
-}
-
-inline Plot* PyPlot::_getPlotPtr(std::string plotName){
-    if(_plotName2ID.count(plotName) == 0){
-        std::cout &lt;&lt; "[ERROR] Plot " &lt;&lt; plotName &lt;&lt; " does not exist" &lt;&lt; std::endl;
-        exit(-1);
-    }else{
-        return _plots[_plotName2ID[plotName]];
-    }
-}
-
-inline void PyPlot::addFrame(std::string plotName, double value){
-    _checkStart();
-    Plot* plot = _getPlotPtr(plotName);
-    addFrame(plotName, plot-&gt;getX(startT), value);
-}
-
-inline void PyPlot::addFrame(std::string plotName, double x, double value){
-    Plot* plot = _getPlotPtr(plotName);
-    
-    plot-&gt;curves[0]-&gt;x.push_back(x);
-    plot-&gt;curves[0]-&gt;y.push_back(value);
-}
-
-template &lt;typename T&gt;
-inline void PyPlot::addFrame(std::string plotName, T* valueArray){
-    _checkStart();
-    Plot* plot = _getPlotPtr(plotName);
-    addFrame(plotName, plot-&gt;getX(startT), valueArray);
-}
-
-template &lt;typename T&gt;
-inline void PyPlot::addFrame(std::string plotName, double x, T* valueArray){
-    Plot* plot = _getPlotPtr(plotName);
-
-    for(int i(0); i &lt; plot-&gt;curveCount; ++i){
-        plot-&gt;curves[i]-&gt;x.push_back(x);
-        plot-&gt;curves[i]-&gt;y.push_back(valueArray[i]);
-    }
-}
-
-template &lt;typename T&gt;
-inline void PyPlot::addFrame(std::string plotName, const Eigen::MatrixBase&lt;T&gt; &amp;vec){
-    _checkStart();
-    Plot* plot = _getPlotPtr(plotName);
-    addFrame(plotName, plot-&gt;getX(startT), vec);
-}
-
-template &lt;typename T&gt;
-inline void PyPlot::addFrame(std::string plotName, double x, const Eigen::MatrixBase&lt;T&gt; &amp;vec){
-    Plot* plot = _getPlotPtr(plotName);
-
-    for(int i(0); i &lt; plot-&gt;curveCount; ++i){
-        plot-&gt;curves[i]-&gt;x.push_back(x);
-        plot-&gt;curves[i]-&gt;y.push_back(vec(i));
-    }
-}
-
-template &lt;typename T&gt;
-inline void PyPlot::addFrame(std::string plotName, const std::vector&lt;T&gt; &amp;vec){
-    _checkStart();
-    Plot* plot = _getPlotPtr(plotName);
-    addFrame(plotName, plot-&gt;getX(startT), vec);
-}
-
-template &lt;typename T&gt;
-inline void PyPlot::addFrame(std::string plotName, double x, const std::vector&lt;T&gt; &amp;vec){
-    Plot* plot = _getPlotPtr(plotName);
-
-    for(int i(0); i &lt; plot-&gt;curveCount; ++i){
-        plot-&gt;curves[i]-&gt;x.push_back(x);
-        plot-&gt;curves[i]-&gt;y.push_back(vec[i]);
-    }
-}
-#endif // PYPLOT_H
+  }
+  plt::show();
+}
+
+inline void PyPlot::showPlotAll()
+{
+  for (int i(0); i &lt; _plotCount; ++i) {
+    plt::figure();
+    Plot * plot = _plots[i];
+    plt::title(plot-&gt;plotName);
+    for (int j(0); j &lt; plot-&gt;curveCount; ++j) {
+      plt::named_plot(plot-&gt;labels[j], plot-&gt;curves[j]-&gt;x, plot-&gt;curves[j]-&gt;y);
+    }
+    plt::legend();
+  }
+  plt::show();
+  exit(0);
+}
+
+inline Plot * PyPlot::_getPlotPtr(std::string plotName)
+{
+  if (_plotName2ID.count(plotName) == 0) {
+    std::cout &lt;&lt; "[ERROR] Plot " &lt;&lt; plotName &lt;&lt; " does not exist" &lt;&lt; std::endl;
+    exit(-1);
+  } else {
+    return _plots[_plotName2ID[plotName]];
+  }
+}
+
+inline void PyPlot::addFrame(std::string plotName, double value)
+{
+  _checkStart();
+  Plot * plot = _getPlotPtr(plotName);
+  addFrame(plotName, plot-&gt;getX(startT), value);
+}
+
+inline void PyPlot::addFrame(std::string plotName, double x, double value)
+{
+  Plot * plot = _getPlotPtr(plotName);
+
+  plot-&gt;curves[0]-&gt;x.push_back(x);
+  plot-&gt;curves[0]-&gt;y.push_back(value);
+}
+
+template &lt; typename T &gt;
+inline void PyPlot::addFrame(std::string plotName, T * valueArray)
+{
+  _checkStart();
+  Plot * plot = _getPlotPtr(plotName);
+  addFrame(plotName, plot-&gt;getX(startT), valueArray);
+}
+
+template &lt; typename T &gt;
+inline void PyPlot::addFrame(std::string plotName, double x, T * valueArray)
+{
+  Plot * plot = _getPlotPtr(plotName);
+
+  for (int i(0); i &lt; plot-&gt;curveCount; ++i) {
+    plot-&gt;curves[i]-&gt;x.push_back(x);
+    plot-&gt;curves[i]-&gt;y.push_back(valueArray[i]);
+  }
+}
+
+template &lt; typename T &gt;
+inline void PyPlot::addFrame(std::string plotName, const Eigen::MatrixBase &lt; T &gt; &amp; vec)
+{
+  _checkStart();
+  Plot * plot = _getPlotPtr(plotName);
+  addFrame(plotName, plot-&gt;getX(startT), vec);
+}
+
+template &lt; typename T &gt;
+inline void PyPlot::addFrame(std::string plotName, double x, const Eigen::MatrixBase &lt; T &gt; &amp; vec)
+{
+  Plot * plot = _getPlotPtr(plotName);
+
+  for (int i(0); i &lt; plot-&gt;curveCount; ++i) {
+    plot-&gt;curves[i]-&gt;x.push_back(x);
+    plot-&gt;curves[i]-&gt;y.push_back(vec(i));
+  }
+}
+
+template &lt; typename T &gt;
+inline void PyPlot::addFrame(std::string plotName, const std::vector &lt; T &gt; &amp; vec)
+{
+  _checkStart();
+  Plot * plot = _getPlotPtr(plotName);
+  addFrame(plotName, plot-&gt;getX(startT), vec);
+}
+
+template &lt; typename T &gt;
+inline void PyPlot::addFrame(std::string plotName, double x, const std::vector &lt; T &gt; &amp; vec)
+{
+  Plot * plot = _getPlotPtr(plotName);
+
+  for (int i(0); i &lt; plot-&gt;curveCount; ++i) {
+    plot-&gt;curves[i]-&gt;x.push_back(x);
+    plot-&gt;curves[i]-&gt;y.push_back(vec[i]);
+  }
+}
+#endif // PYPLOT_H

Code style divergence in file 'include/common/enumClass.h':

--- include/common/enumClass.h
+++ include/common/enumClass.h.uncrustify
@@ -10,3 +10,4 @@
-enum class CtrlPlatform{
-    GAZEBO,
-    REALROBOT,
+enum class CtrlPlatform
+{
+  GAZEBO,
+  REALROBOT,
@@ -15,3 +16,4 @@
-enum class RobotType{
-    A1,
-    Go1
+enum class RobotType
+{
+  A1,
+  Go1
@@ -20,7 +22,8 @@
-enum class UserCommand{
-    // EXIT,
-    NONE,
-    START,      // trotting
-    L2_A,       // fixedStand
-    L2_B,       // passive
-    L2_X,       // freeStand
+enum class UserCommand
+{
+  // EXIT,
+  NONE,
+  START,        // trotting
+  L2_A,         // fixedStand
+  L2_B,         // passive
+  L2_X,         // freeStand
@@ -28 +31 @@
-    L2_Y,       // move_base
+  L2_Y,         // move_base
@@ -31 +34 @@
-    L2_Y,       // move_base
+  L2_Y,         // move_base
@@ -33,3 +36,3 @@
-    L1_X,       // balanceTest
-    L1_A,       // swingTest
-    L1_Y        // stepTest
+  L1_X,         // balanceTest
+  L1_A,         // swingTest
+  L1_Y          // stepTest
@@ -38,4 +41,5 @@
-enum class FrameType{
-    BODY,
-    HIP,
-    GLOBAL
+enum class FrameType
+{
+  BODY,
+  HIP,
+  GLOBAL
@@ -44,4 +48,5 @@
-enum class WaveStatus{
-    STANCE_ALL,
-    SWING_ALL,
-    WAVE_ALL
+enum class WaveStatus
+{
+  STANCE_ALL,
+  SWING_ALL,
+  WAVE_ALL
@@ -50,3 +55,4 @@
-enum class FSMMode{
-    NORMAL,
-    CHANGE
+enum class FSMMode
+{
+  NORMAL,
+  CHANGE
@@ -55,7 +61,8 @@
-enum class FSMStateName{
-    // EXIT,
-    INVALID,
-    PASSIVE,
-    FIXEDSTAND,
-    FREESTAND,
-    TROTTING,
+enum class FSMStateName
+{
+  // EXIT,
+  INVALID,
+  PASSIVE,
+  FIXEDSTAND,
+  FREESTAND,
+  TROTTING,
@@ -63 +70 @@
-    MOVE_BASE,       // move_base
+  MOVE_BASE,         // move_base
@@ -66 +73 @@
-    MOVE_BASE,       // move_base
+  MOVE_BASE,         // move_base
@@ -68,3 +75,3 @@
-    BALANCETEST,
-    SWINGTEST,
-    STEPTEST
+  BALANCETEST,
+  SWINGTEST,
+  STEPTEST
@@ -73 +80 @@
-#endif  // ENUMCLASS_H
+#endif  // ENUMCLASS_H

Code style divergence in file 'include/common/mathTools.h':

--- include/common/mathTools.h
+++ include/common/mathTools.h.uncrustify
@@ -11,19 +11,290 @@
-template&lt;typename T1, typename T2&gt;
-inline T1 max(const T1 a, const T2 b){
-	return (a &gt; b ? a : b);
-}
-
-template&lt;typename T1, typename T2&gt;
-inline T1 min(const T1 a, const T2 b){
-	return (a &lt; b ? a : b);
-}
-
-template&lt;typename T&gt;
-inline T saturation(const T a, Vec2 limits){
-    T lowLim, highLim;
-    if(limits(0) &gt; limits(1)){
-        lowLim = limits(1);
-        highLim= limits(0);
-    }else{
-        lowLim = limits(0);
-        highLim= limits(1);
+template &lt; typename T1, typename T2 &gt;
+inline T1 max(const T1 a, const T2 b)
+{
+  return a &gt; b ? a : b;
+}
+
+template &lt; typename T1, typename T2 &gt;
+inline T1 min(const T1 a, const T2 b)
+{
+  return a &lt; b ? a : b;
+}
+
+template &lt; typename T &gt;
+inline T saturation(const T a, Vec2 limits)
+{
+  T lowLim, highLim;
+  if (limits(0) &gt; limits(1)) {
+    lowLim = limits(1);
+    highLim = limits(0);
+  } else {
+    lowLim = limits(0);
+    highLim = limits(1);
+  }
+
+  if (a &lt; lowLim) {
+    return lowLim;
+  } else if (a &gt; highLim) {
+    return highLim;
+  } else {
+    return a;
+  }
+}
+
+template &lt; typename T0, typename T1 &gt;
+inline T0 killZeroOffset(T0 a, const T1 limit)
+{
+  if ((a &gt; -limit) &amp;&amp; (a &lt; limit)) {
+    a = 0;
+  }
+  return a;
+}
+
+template &lt; typename T0, typename T1, typename T2 &gt;
+inline T1 invNormalize(
+  const T0 value, const T1 min, const T2 max, const double minLim = -1,
+  const double maxLim = 1)
+{
+  return (value - minLim) * (max - min) / (maxLim - minLim) + min;
+}
+
+template &lt; typename T &gt;
+inline T windowFunc(const T x, const T windowRatio, const T xRange = 1.0, const T yRange = 1.0)
+{
+  if ((x &lt; 0) || (x &gt; xRange)) {
+    std::cout &lt;&lt; "[ERROR][windowFunc] The x=" &lt;&lt; x &lt;&lt; ", which should between [0, xRange]" &lt;&lt;
+      std::endl;
+  }
+  if ((windowRatio &lt;= 0) || (windowRatio &gt;= 0.5)) {
+    std::cout &lt;&lt; "[ERROR][windowFunc] The windowRatio=" &lt;&lt; windowRatio &lt;&lt;
+      ", which should between [0, 0.5]" &lt;&lt; std::endl;
+  }
+
+  if (x / xRange &lt; windowRatio) {
+    return x * yRange / (xRange * windowRatio);
+  } else if (x / xRange &gt; 1 - windowRatio) {
+    return yRange * (xRange - x) / (xRange * windowRatio);
+  } else {
+    return yRange;
+  }
+}
+
+template &lt; typename T1, typename T2 &gt;
+inline void updateAverage(T1 &amp; exp, T2 newValue, double n)
+{
+  if (exp.rows() != newValue.rows()) {
+    std::cout &lt;&lt; "The size of updateAverage is error" &lt;&lt; std::endl;
+    exit(-1);
+  }
+  if (fabs(n - 1) &lt; 0.001) {
+    exp = newValue;
+  } else {
+    exp = exp + (newValue - exp) / n;
+  }
+}
+
+template &lt; typename T1, typename T2, typename T3 &gt;
+inline void updateCovariance(T1 &amp; cov, T2 expPast, T3 newValue, double n)
+{
+  if ( (cov.rows() != cov.cols()) || (cov.rows() != expPast.rows()) ||
+    (expPast.rows() != newValue.rows()))
+  {
+    std::cout &lt;&lt; "The size of updateCovariance is error" &lt;&lt; std::endl;
+    exit(-1);
+  }
+  if (fabs(n - 1) &lt; 0.1) {
+    cov.setZero();
+  } else {
+    cov = cov * (n - 1) / n + (newValue - expPast) * (newValue - expPast).transpose() * (n - 1) /
+      (n * n);
+  }
+}
+
+template &lt; typename T1, typename T2, typename T3 &gt;
+inline void updateAvgCov(T1 &amp; cov, T2 &amp; exp, T3 newValue, double n)
+{
+  // The order matters!!! covariance first!!!
+  updateCovariance(cov, exp, newValue, n);
+  updateAverage(exp, newValue, n);
+}
+
+inline RotMat rotx(const double &amp; theta)
+{
+  double s = std::sin(theta);
+  double c = std::cos(theta);
+
+  RotMat R;
+  R &lt;&lt; 1, 0, 0, 0, c, -s, 0, s, c;
+  return R;
+}
+
+inline RotMat roty(const double &amp; theta)
+{
+  double s = std::sin(theta);
+  double c = std::cos(theta);
+
+  RotMat R;
+  R &lt;&lt; c, 0, s, 0, 1, 0, -s, 0, c;
+  return R;
+}
+
+inline RotMat rotz(const double &amp; theta)
+{
+  double s = std::sin(theta);
+  double c = std::cos(theta);
+
+  RotMat R;
+  R &lt;&lt; c, -s, 0, s, c, 0, 0, 0, 1;
+  return R;
+}
+
+inline Mat2 skew(const double &amp; w)
+{
+  Mat2 mat; mat.setZero();
+  mat(0, 1) = -w;
+  mat(1, 0) = w;
+  return mat;
+}
+
+inline Mat3 skew(const Vec3 &amp; v)
+{
+  Mat3 m;
+  m &lt;&lt; 0, -v(2), v(1),
+    v(2), 0, -v(0),
+    -v(1), v(0), 0;
+  return m;
+}
+
+inline RotMat rpyToRotMat(const double &amp; row, const double &amp; pitch, const double &amp; yaw)
+{
+  RotMat m = rotz(yaw) * roty(pitch) * rotx(row);
+  return m;
+}
+
+inline Vec3 rotMatToRPY(const Mat3 &amp; R)
+{
+  Vec3 rpy;
+  rpy(0) = atan2(R(2, 1), R(2, 2));
+  rpy(1) = asin(-R(2, 0));
+  rpy(2) = atan2(R(1, 0), R(0, 0));
+  return rpy;
+}
+
+inline RotMat quatToRotMat(const Quat &amp; q)
+{
+  double e0 = q(0);
+  double e1 = q(1);
+  double e2 = q(2);
+  double e3 = q(3);
+
+  RotMat R;
+  R &lt;&lt; 1 - 2 * (e2 * e2 + e3 * e3), 2 * (e1 * e2 - e0 * e3),
+    2 * (e1 * e3 + e0 * e2), 2 * (e1 * e2 + e0 * e3),
+    1 - 2 * (e1 * e1 + e3 * e3), 2 * (e2 * e3 - e0 * e1),
+    2 * (e1 * e3 - e0 * e2), 2 * (e2 * e3 + e0 * e1),
+    1 - 2 * (e1 * e1 + e2 * e2);
+  return R;
+}
+
+inline Vec3 rotMatToExp(const RotMat &amp; rm)
+{
+  double cosValue = rm.trace() / 2.0 - 1 / 2.0;
+  if (cosValue &gt; 1.0f) {
+    cosValue = 1.0f;
+  } else if (cosValue &lt; -1.0f) {
+    cosValue = -1.0f;
+  }
+
+  double angle = acos(cosValue);
+  Vec3 exp;
+  if (fabs(angle) &lt; 1e-5) {
+    exp = Vec3(0, 0, 0);
+  } else if (fabs(angle - M_PI) &lt; 1e-5) {
+    exp = angle * Vec3(rm(0, 0) + 1, rm(0, 1), rm(0, 2)) / sqrt(2 * (1 + rm(0, 0)));
+  } else {
+    exp = angle / (2.0f * sin(angle)) * Vec3(
+      rm(2, 1) - rm(1, 2), rm(0, 2) - rm(2, 0), rm(1, 0) - rm(
+        0, 1));
+  }
+  return exp;
+}
+
+inline HomoMat homoMatrix(Vec3 p, RotMat m)
+{
+  HomoMat homoM;
+  homoM.setZero();
+  homoM.topLeftCorner(3, 3) = m;
+  homoM.topRightCorner(3, 1) = p;
+  homoM(3, 3) = 1;
+  return homoM;
+}
+
+inline HomoMat homoMatrix(Vec3 p, Quat q)
+{
+  HomoMat homoM;
+  homoM.setZero();
+  homoM.topLeftCorner(3, 3) = quatToRotMat(q);
+  homoM.topRightCorner(3, 1) = p;
+  homoM(3, 3) = 1;
+  return homoM;
+}
+
+inline HomoMat homoMatrixInverse(HomoMat homoM)
+{
+  HomoMat homoInv;
+  homoInv.setZero();
+  homoInv.topLeftCorner(3, 3) = homoM.topLeftCorner(3, 3).transpose();
+  homoInv.topRightCorner(
+    3,
+    1) = -homoM.topLeftCorner(3, 3).transpose() * homoM.topRightCorner(3, 1);
+  homoInv(3, 3) = 1;
+  return homoInv;
+}
+
+//  add 1 at the end of Vec3
+inline Vec4 homoVec(Vec3 v3)
+{
+  Vec4 v4;
+  v4.block(0, 0, 3, 1) = v3;
+  v4(3) = 1;
+  return v4;
+}
+
+//  remove 1 at the end of Vec4
+inline Vec3 noHomoVec(Vec4 v4)
+{
+  Vec3 v3;
+  v3 = v4.block(0, 0, 3, 1);
+  return v3;
+}
+
+// Calculate average value and covariance
+class AvgCov {
+public:
+  AvgCov(
+    unsigned int size, std::string name, bool avgOnly = false, unsigned int showPeriod = 1000,
+    unsigned int waitCount = 5000, double zoomFactor = 10000)
+    : _size(size), _showPeriod(showPeriod), _waitCount(waitCount), _zoomFactor(zoomFactor),
+    _valueName(name), _avgOnly(avgOnly) {
+    _exp.resize(size);
+    _cov.resize(size, size);
+    _defaultWeight.resize(size, size);
+    _defaultWeight.setIdentity();
+    _measureCount = 0;
+  }
+  void measure(VecX newValue)
+  {
+    ++_measureCount;
+
+    if (_measureCount &gt; _waitCount) {
+      updateAvgCov(_cov, _exp, newValue, _measureCount - _waitCount);
+      if (_measureCount % _showPeriod == 0) {
+        std::cout &lt;&lt; "******" &lt;&lt; _valueName &lt;&lt; " measured count: " &lt;&lt; _measureCount - _waitCount &lt;&lt;
+          "******" &lt;&lt; std::endl;
+        std::cout &lt;&lt; _zoomFactor &lt;&lt; " Times Average of " &lt;&lt; _valueName &lt;&lt; std::endl &lt;&lt;
+          (_zoomFactor * _exp).transpose() &lt;&lt; std::endl;
+        if (!_avgOnly) {
+          std::cout &lt;&lt; _zoomFactor &lt;&lt; " Times Covariance of " &lt;&lt; _valueName &lt;&lt; std::endl &lt;&lt;
+            _zoomFactor * _cov &lt;&lt; std::endl;
+        }
+      }
@@ -31,237 +302,2 @@
-
-    if(a &lt; lowLim){
-        return lowLim;
-    }
-    else if(a &gt; highLim){
-        return highLim;
-    }
-    else{
-        return a;
-    }
-}
-
-template&lt;typename T0, typename T1&gt;
-inline T0 killZeroOffset(T0 a, const T1 limit){
-    if((a &gt; -limit) &amp;&amp; (a &lt; limit)){
-        a = 0;
-    }
-    return a;
-}
-
-template&lt;typename T0, typename T1, typename T2&gt;
-inline T1 invNormalize(const T0 value, const T1 min, const T2 max, const double minLim = -1, const double maxLim = 1){
-	return (value-minLim)*(max-min)/(maxLim-minLim) + min;
-}
-
-template&lt;typename T&gt;
-inline T windowFunc(const T x, const T windowRatio, const T xRange=1.0, const T yRange=1.0){
-    if((x &lt; 0)||(x &gt; xRange)){
-        std::cout &lt;&lt; "[ERROR][windowFunc] The x=" &lt;&lt; x &lt;&lt; ", which should between [0, xRange]" &lt;&lt; std::endl;
-    }
-    if((windowRatio &lt;= 0)||(windowRatio &gt;= 0.5)){
-        std::cout &lt;&lt; "[ERROR][windowFunc] The windowRatio=" &lt;&lt; windowRatio &lt;&lt; ", which should between [0, 0.5]" &lt;&lt; std::endl;
-    }
-
-    if(x/xRange &lt; windowRatio){
-        return x * yRange / (xRange * windowRatio);
-    }
-    else if(x/xRange &gt; 1 - windowRatio){
-        return yRange * (xRange - x)/(xRange * windowRatio);
-    }
-    else{
-        return yRange;
-    }
-}
-
-template&lt;typename T1, typename T2&gt;
-inline void updateAverage(T1 &amp;exp, T2 newValue, double n){
-    if(exp.rows()!=newValue.rows()){
-        std::cout &lt;&lt; "The size of updateAverage is error" &lt;&lt; std::endl;
-        exit(-1);
-    }
-    if(fabs(n - 1) &lt; 0.001){
-        exp = newValue;
-    }else{
-        exp = exp + (newValue - exp)/n;
-    }
-}
-
-template&lt;typename T1, typename T2, typename T3&gt;
-inline void updateCovariance(T1 &amp;cov, T2 expPast, T3 newValue, double n){
-    if( (cov.rows()!=cov.cols()) || (cov.rows() != expPast.rows()) || (expPast.rows()!=newValue.rows())){
-        std::cout &lt;&lt; "The size of updateCovariance is error" &lt;&lt; std::endl;
-        exit(-1);
-    }
-    if(fabs(n - 1) &lt; 0.1){
-        cov.setZero();
-    }else{
-        cov = cov*(n-1)/n + (newValue-expPast)*(newValue-expPast).transpose()*(n-1)/(n*n);
-    }
-}
-
-template&lt;typename T1, typename T2, typename T3&gt;
-inline void updateAvgCov(T1 &amp;cov, T2 &amp;exp, T3 newValue, double n){
-    // The order matters!!! covariance first!!!
-    updateCovariance(cov, exp, newValue, n);
-    updateAverage(exp, newValue, n);
-}
-
-inline RotMat rotx(const double &amp;theta) {
-    double s = std::sin(theta);
-    double c = std::cos(theta);
-
-    RotMat R;
-    R &lt;&lt; 1, 0, 0, 0, c, -s, 0, s, c;
-    return R;
-}
-
-inline RotMat roty(const double &amp;theta) {
-    double s = std::sin(theta);
-    double c = std::cos(theta);
-
-    RotMat R;
-    R &lt;&lt; c, 0, s, 0, 1, 0, -s, 0, c;
-    return R;
-}
-
-inline RotMat rotz(const double &amp;theta) {
-    double s = std::sin(theta);
-    double c = std::cos(theta);
-
-    RotMat R;
-    R &lt;&lt; c, -s, 0, s, c, 0, 0, 0, 1;
-    return R;
-}
-
-inline Mat2 skew(const double&amp; w){
-    Mat2 mat; mat.setZero();
-    mat(0, 1) = -w;
-    mat(1, 0) =  w;
-    return mat;
-}
-
-inline Mat3 skew(const Vec3&amp; v) {
-    Mat3 m;
-    m &lt;&lt; 0, -v(2), v(1),
-            v(2), 0, -v(0),
-            -v(1), v(0), 0;
-    return m;
-}
-
-inline RotMat rpyToRotMat(const double&amp; row, const double&amp; pitch, const double&amp; yaw) {
-    RotMat m = rotz(yaw) * roty(pitch) * rotx(row);
-    return m;
-}
-
-inline Vec3 rotMatToRPY(const Mat3&amp; R) {
-    Vec3 rpy;
-    rpy(0) = atan2(R(2,1),R(2,2));
-    rpy(1) = asin(-R(2,0));
-    rpy(2) = atan2(R(1,0),R(0,0));
-    return rpy;
-}
-
-inline RotMat quatToRotMat(const Quat&amp; q) {
-    double e0 = q(0);
-    double e1 = q(1);
-    double e2 = q(2);
-    double e3 = q(3);
-
-    RotMat R;
-    R &lt;&lt; 1 - 2 * (e2 * e2 + e3 * e3), 2 * (e1 * e2 - e0 * e3),
-            2 * (e1 * e3 + e0 * e2), 2 * (e1 * e2 + e0 * e3),
-            1 - 2 * (e1 * e1 + e3 * e3), 2 * (e2 * e3 - e0 * e1),
-            2 * (e1 * e3 - e0 * e2), 2 * (e2 * e3 + e0 * e1),
-            1 - 2 * (e1 * e1 + e2 * e2);
-    return R;
-}
-
-inline Vec3 rotMatToExp(const RotMat&amp; rm){
-    double cosValue = rm.trace()/2.0-1/2.0;
-    if(cosValue &gt; 1.0f){
-        cosValue = 1.0f;
-    }else if(cosValue &lt; -1.0f){
-        cosValue = -1.0f;
-    }
-
-    double angle = acos(cosValue);
-    Vec3 exp;
-    if (fabs(angle) &lt; 1e-5){
-        exp=Vec3(0,0,0);
-    }
-    else if (fabs(angle - M_PI) &lt; 1e-5){
-        exp = angle * Vec3(rm(0,0)+1, rm(0,1), rm(0,2)) / sqrt(2*(1+rm(0, 0)));
-    }
-    else{
-        exp=angle/(2.0f*sin(angle))*Vec3(rm(2,1)-rm(1,2),rm(0,2)-rm(2,0),rm(1,0)-rm(0,1));
-    }
-    return exp;
-}
-
-inline HomoMat homoMatrix(Vec3 p, RotMat m){
-    HomoMat homoM;
-    homoM.setZero();
-    homoM.topLeftCorner(3, 3) = m;
-    homoM.topRightCorner(3, 1) = p;
-    homoM(3, 3) = 1;
-    return homoM;
-}
-
-inline HomoMat homoMatrix(Vec3 p, Quat q){
-    HomoMat homoM;
-    homoM.setZero();
-    homoM.topLeftCorner(3, 3) = quatToRotMat(q);
-    homoM.topRightCorner(3, 1) = p;
-    homoM(3, 3) = 1;
-    return homoM;
-}
-
-inline HomoMat homoMatrixInverse(HomoMat homoM){
-    HomoMat homoInv;
-    homoInv.setZero();
-    homoInv.topLeftCorner(3, 3) = homoM.topLeftCorner(3, 3).transpose();
-    homoInv.topRightCorner(3, 1) = -homoM.topLeftCorner(3, 3).transpose() * homoM.topRightCorner(3, 1);
-    homoInv(3, 3) = 1;
-    return homoInv;
-}
-
-//  add 1 at the end of Vec3
-inline Vec4 homoVec(Vec3 v3){
-    Vec4 v4;
-    v4.block(0, 0, 3, 1) = v3;
-    v4(3) = 1;
-    return v4;
-}
-
-//  remove 1 at the end of Vec4
-inline Vec3 noHomoVec(Vec4 v4){
-    Vec3 v3;
-    v3 = v4.block(0, 0, 3, 1);
-    return v3;
-}
-
-// Calculate average value and covariance
-class AvgCov{
-public:
-    AvgCov(unsigned int size, std::string name, bool avgOnly=false, unsigned int showPeriod=1000, unsigned int waitCount=5000, double zoomFactor=10000)
-            :_size(size), _showPeriod(showPeriod), _waitCount(waitCount), _zoomFactor(zoomFactor), _valueName(name), _avgOnly(avgOnly) {
-        _exp.resize(size);
-        _cov.resize(size, size);
-        _defaultWeight.resize(size, size);
-        _defaultWeight.setIdentity();
-        _measureCount = 0;
-    }
-    void measure(VecX newValue){
-        ++_measureCount;
-
-        if(_measureCount &gt; _waitCount){
-            updateAvgCov(_cov, _exp, newValue, _measureCount-_waitCount);
-            if(_measureCount % _showPeriod == 0){
-                std::cout &lt;&lt; "******" &lt;&lt; _valueName &lt;&lt; " measured count: " &lt;&lt; _measureCount-_waitCount &lt;&lt; "******" &lt;&lt; std::endl;
-                std::cout &lt;&lt; _zoomFactor &lt;&lt; " Times Average of " &lt;&lt; _valueName &lt;&lt; std::endl &lt;&lt; (_zoomFactor*_exp).transpose() &lt;&lt; std::endl;
-                if(!_avgOnly){
-                    std::cout &lt;&lt; _zoomFactor &lt;&lt; " Times Covariance of " &lt;&lt; _valueName &lt;&lt; std::endl &lt;&lt; _zoomFactor*_cov &lt;&lt; std::endl;
-                }
-            }
-        }
-    }
+  }
+
@@ -269,10 +305,10 @@
-    VecX _exp;
-    MatX _cov;
-    MatX _defaultWeight;
-    bool _avgOnly;
-    unsigned int _size;
-    unsigned int _measureCount;
-    unsigned int _showPeriod;
-    unsigned int _waitCount;
-    double _zoomFactor;
-    std::string _valueName;
+  VecX _exp;
+  MatX _cov;
+  MatX _defaultWeight;
+  bool _avgOnly;
+  unsigned int _size;
+  unsigned int _measureCount;
+  unsigned int _showPeriod;
+  unsigned int _waitCount;
+  double _zoomFactor;
+  std::string _valueName;
@@ -281 +317 @@
-#endif  // MATHTOOLS_H
+#endif  // MATHTOOLS_H

Code style divergence in file 'include/common/mathTypes.h':

--- include/common/mathTypes.h
+++ include/common/mathTypes.h.uncrustify
@@ -13 +13 @@
-using Vec2 = typename Eigen::Matrix&lt;double, 2, 1&gt;;
+using Vec2 = typename Eigen::Matrix &lt; double, 2, 1 &gt;;
@@ -16 +16 @@
-using Vec3 = typename Eigen::Matrix&lt;double, 3, 1&gt;;
+using Vec3 = typename Eigen::Matrix &lt; double, 3, 1 &gt;;
@@ -19 +19 @@
-using Vec4 = typename Eigen::Matrix&lt;double, 4, 1&gt;;
+using Vec4 = typename Eigen::Matrix &lt; double, 4, 1 &gt;;
@@ -22 +22 @@
-using Vec6 = typename Eigen::Matrix&lt;double, 6, 1&gt;;
+using Vec6 = typename Eigen::Matrix &lt; double, 6, 1 &gt;;
@@ -25 +25 @@
-using Quat = typename Eigen::Matrix&lt;double, 4, 1&gt;;
+using Quat = typename Eigen::Matrix &lt; double, 4, 1 &gt;;
@@ -28 +28 @@
-using VecInt4 = typename Eigen::Matrix&lt;int, 4, 1&gt;;
+using VecInt4 = typename Eigen::Matrix &lt; int, 4, 1 &gt;;
@@ -31 +31 @@
-using Vec12 = typename Eigen::Matrix&lt;double, 12, 1&gt;;
+using Vec12 = typename Eigen::Matrix &lt; double, 12, 1 &gt;;
@@ -34 +34 @@
-using Vec18 = typename Eigen::Matrix&lt;double, 18, 1&gt;;
+using Vec18 = typename Eigen::Matrix &lt; double, 18, 1 &gt;;
@@ -37 +37 @@
-using VecX = typename Eigen::Matrix&lt;double, Eigen::Dynamic, 1&gt;;
+using VecX = typename Eigen::Matrix &lt; double, Eigen::Dynamic, 1 &gt;;
@@ -43 +43 @@
-using RotMat = typename Eigen::Matrix&lt;double, 3, 3&gt;;
+using RotMat = typename Eigen::Matrix &lt; double, 3, 3 &gt;;
@@ -46 +46 @@
-using HomoMat = typename Eigen::Matrix&lt;double, 4, 4&gt;;
+using HomoMat = typename Eigen::Matrix &lt; double, 4, 4 &gt;;
@@ -49 +49 @@
-using Mat2 = typename Eigen::Matrix&lt;double, 2, 2&gt;;
+using Mat2 = typename Eigen::Matrix &lt; double, 2, 2 &gt;;
@@ -52 +52 @@
-using Mat3 = typename Eigen::Matrix&lt;double, 3, 3&gt;;
+using Mat3 = typename Eigen::Matrix &lt; double, 3, 3 &gt;;
@@ -58 +58 @@
-using Vec34 = typename Eigen::Matrix&lt;double, 3, 4&gt;;
+using Vec34 = typename Eigen::Matrix &lt; double, 3, 4 &gt;;
@@ -61 +61 @@
-using Mat6 = typename Eigen::Matrix&lt;double, 6, 6&gt;;
+using Mat6 = typename Eigen::Matrix &lt; double, 6, 6 &gt;;
@@ -64 +64 @@
-using Mat12 = typename Eigen::Matrix&lt;double, 12, 12&gt;;
+using Mat12 = typename Eigen::Matrix &lt; double, 12, 12 &gt;;
@@ -73 +73 @@
-using MatX = typename Eigen::Matrix&lt;double, Eigen::Dynamic, Eigen::Dynamic&gt;;
+using MatX = typename Eigen::Matrix &lt; double, Eigen::Dynamic, Eigen::Dynamic &gt;;
@@ -78,6 +78,7 @@
-inline Vec34 vec12ToVec34(Vec12 vec12){
-    Vec34 vec34;
-    for(int i(0); i &lt; 4; ++i){
-        vec34.col(i) = vec12.segment(3*i, 3);
-    }
-    return vec34;
+inline Vec34 vec12ToVec34(Vec12 vec12)
+{
+  Vec34 vec34;
+  for (int i(0); i &lt; 4; ++i) {
+    vec34.col(i) = vec12.segment(3 * i, 3);
+  }
+  return vec34;
@@ -86,6 +87,7 @@
-inline Vec12 vec34ToVec12(Vec34 vec34){
-    Vec12 vec12;
-    for(int i(0); i &lt; 4; ++i){
-        vec12.segment(3*i, 3) = vec34.col(i);
-    }
-    return vec12;
+inline Vec12 vec34ToVec12(Vec34 vec34)
+{
+  Vec12 vec12;
+  for (int i(0); i &lt; 4; ++i) {
+    vec12.segment(3 * i, 3) = vec34.col(i);
+  }
+  return vec12;
@@ -94 +96 @@
-#endif  // MATHTYPES_H
+#endif  // MATHTYPES_H

Code style divergence in file 'include/common/timeMarker.h':

--- include/common/timeMarker.h
+++ include/common/timeMarker.h.uncrustify
@@ -11,5 +11,6 @@
-//时间戳  微秒级， 需要#include &lt;sys/time.h&gt; 
-inline long long getSystemTime(){
-    struct timeval t;  
-    gettimeofday(&amp;t, NULL);
-    return 1000000 * t.tv_sec + t.tv_usec;  
+//时间戳  微秒级， 需要#include &lt;sys/time.h&gt;
+inline long long getSystemTime()
+{
+  struct timeval t;
+  gettimeofday(&amp;t, NULL);
+  return 1000000 * t.tv_sec + t.tv_usec;
@@ -18,3 +19,4 @@
-inline double getTimeSecond(){
-    double time = getSystemTime() * 0.000001;
-    return time;
+inline double getTimeSecond()
+{
+  double time = getSystemTime() * 0.000001;
+  return time;
@@ -23,8 +25,11 @@
-inline void absoluteWait(long long startTime, long long waitTime){
-    if(getSystemTime() - startTime &gt; waitTime){
-        std::cout &lt;&lt; "[WARNING] The waitTime=" &lt;&lt; waitTime &lt;&lt; " of function absoluteWait is not enough!" &lt;&lt; std::endl
-        &lt;&lt; "The program has already cost " &lt;&lt; getSystemTime() - startTime &lt;&lt; "us." &lt;&lt; std::endl;
-    }
-    while(getSystemTime() - startTime &lt; waitTime){
-        usleep(50);
-    }
+inline void absoluteWait(long long startTime, long long waitTime)
+{
+  if (getSystemTime() - startTime &gt; waitTime) {
+    std::cout &lt;&lt; "[WARNING] The waitTime=" &lt;&lt; waitTime &lt;&lt;
+      " of function absoluteWait is not enough!" &lt;&lt; std::endl
+              &lt;&lt; "The program has already cost " &lt;&lt; getSystemTime() - startTime &lt;&lt; "us." &lt;&lt;
+      std::endl;
+  }
+  while (getSystemTime() - startTime &lt; waitTime) {
+    usleep(50);
+  }
@@ -33 +38 @@
-#endif //TIMEMARKER_H
+#endif //TIMEMARKER_H

Code style divergence in file 'include/common/unitreeLeg.h':

--- include/common/unitreeLeg.h
+++ include/common/unitreeLeg.h.uncrustify
@@ -10 +10 @@
-class QuadrupedLeg{
+class QuadrupedLeg {
@@ -12,12 +12,15 @@
-    QuadrupedLeg(int legID, float abadLinkLength, float hipLinkLength, 
-                 float kneeLinkLength, Vec3 pHip2B);
-    ~QuadrupedLeg(){}
-    Vec3 calcPEe2H(Vec3 q);
-    Vec3 calcPEe2B(Vec3 q);
-    Vec3 calcVEe(Vec3 q, Vec3 qd);
-    Vec3 calcQ(Vec3 pEe, FrameType frame);
-    Vec3 calcQd(Vec3 q, Vec3 vEe);
-    Vec3 calcQd(Vec3 pEe, Vec3 vEe, FrameType frame);
-    Vec3 calcTau(Vec3 q, Vec3 force);
-    Mat3 calcJaco(Vec3 q);
-    Vec3 getHip2B(){return _pHip2B;}
+  QuadrupedLeg(
+    int legID, float abadLinkLength, float hipLinkLength,
+    float kneeLinkLength, Vec3 pHip2B);
+  ~QuadrupedLeg() {
+  }
+  Vec3 calcPEe2H(Vec3 q);
+  Vec3 calcPEe2B(Vec3 q);
+  Vec3 calcVEe(Vec3 q, Vec3 qd);
+  Vec3 calcQ(Vec3 pEe, FrameType frame);
+  Vec3 calcQd(Vec3 q, Vec3 vEe);
+  Vec3 calcQd(Vec3 pEe, Vec3 vEe, FrameType frame);
+  Vec3 calcTau(Vec3 q, Vec3 force);
+  Mat3 calcJaco(Vec3 q);
+  Vec3 getHip2B() {return _pHip2B;}
+
@@ -25,7 +28,8 @@
-    float q1_ik(float py, float pz, float b2y);
-    float q3_ik(float b3z, float b4z, float b);
-    float q2_ik(float q1, float q3, float px, 
-                float py, float pz, float b3z, float b4z);
-    float _sideSign;
-    const float _abadLinkLength, _hipLinkLength, _kneeLinkLength;
-    const Vec3 _pHip2B;
+  float q1_ik(float py, float pz, float b2y);
+  float q3_ik(float b3z, float b4z, float b);
+  float q2_ik(
+    float q1, float q3, float px,
+    float py, float pz, float b3z, float b4z);
+  float _sideSign;
+  const float _abadLinkLength, _hipLinkLength, _kneeLinkLength;
+  const Vec3 _pHip2B;
@@ -34 +38 @@
-class A1Leg : public QuadrupedLeg{
+class A1Leg: public QuadrupedLeg {
@@ -36,3 +40,5 @@
-    A1Leg(const int legID, const Vec3 pHip2B):
-        QuadrupedLeg(legID, 0.0838, 0.2, 0.2, pHip2B){}
-    ~A1Leg(){}
+  A1Leg(const int legID, const Vec3 pHip2B)
+    : QuadrupedLeg(legID, 0.0838, 0.2, 0.2, pHip2B) {
+  }
+  ~A1Leg() {
+  }
@@ -41 +47 @@
-class Go1Leg : public QuadrupedLeg{
+class Go1Leg: public QuadrupedLeg {
@@ -43,3 +49,5 @@
-    Go1Leg(const int legID, const Vec3 pHip2B):
-        QuadrupedLeg(legID, 0.08, 0.213, 0.213, pHip2B){}
-    ~Go1Leg(){}
+  Go1Leg(const int legID, const Vec3 pHip2B)
+    : QuadrupedLeg(legID, 0.08, 0.213, 0.213, pHip2B) {
+  }
+  ~Go1Leg() {
+  }
@@ -48 +56 @@
-#endif  // UNITREELEG_H
+#endif  // UNITREELEG_H

Code style divergence in file 'include/common/unitreeRobot.h':

--- include/common/unitreeRobot.h
+++ include/common/unitreeRobot.h.uncrustify
@@ -10 +10 @@
-class QuadrupedRobot{
+class QuadrupedRobot {
@@ -12,2 +12,4 @@
-    QuadrupedRobot(){};
-    ~QuadrupedRobot(){}
+  QuadrupedRobot() {
+  };
+  ~QuadrupedRobot() {
+  }
@@ -15,2 +17,2 @@
-    Vec3 getX(LowlevelState &amp;state);
-    Vec34 getVecXP(LowlevelState &amp;state);
+  Vec3 getX(LowlevelState &amp; state);
+  Vec34 getVecXP(LowlevelState &amp; state);
@@ -18,4 +20,4 @@
-    // Inverse Kinematics(Body/Hip Frame)
-    Vec12 getQ(const Vec34 &amp;feetPosition, FrameType frame);
-    Vec12 getQd(const Vec34 &amp;feetPosition, const Vec34 &amp;feetVelocity, FrameType frame);
-    Vec12 getTau(const Vec12 &amp;q, const Vec34 feetForce);
+  // Inverse Kinematics(Body/Hip Frame)
+  Vec12 getQ(const Vec34 &amp; feetPosition, FrameType frame);
+  Vec12 getQd(const Vec34 &amp; feetPosition, const Vec34 &amp; feetVelocity, FrameType frame);
+  Vec12 getTau(const Vec12 &amp; q, const Vec34 feetForce);
@@ -23,5 +25,5 @@
-    // Forward Kinematics
-    Vec3 getFootPosition(LowlevelState &amp;state, int id, FrameType frame);
-    Vec3 getFootVelocity(LowlevelState &amp;state, int id);
-    Vec34 getFeet2BPositions(LowlevelState &amp;state, FrameType frame);
-    Vec34 getFeet2BVelocities(LowlevelState &amp;state, FrameType frame);
+  // Forward Kinematics
+  Vec3 getFootPosition(LowlevelState &amp; state, int id, FrameType frame);
+  Vec3 getFootVelocity(LowlevelState &amp; state, int id);
+  Vec34 getFeet2BPositions(LowlevelState &amp; state, FrameType frame);
+  Vec34 getFeet2BVelocities(LowlevelState &amp; state, FrameType frame);
@@ -29,8 +31,8 @@
-    Mat3 getJaco(LowlevelState &amp;state, int legID);
-    Vec2 getRobVelLimitX(){return _robVelLimitX;}
-    Vec2 getRobVelLimitY(){return _robVelLimitY;}
-    Vec2 getRobVelLimitYaw(){return _robVelLimitYaw;}
-    Vec34 getFeetPosIdeal(){return _feetPosNormalStand;}
-    double getRobMass(){return _mass;}
-    Vec3 getPcb(){return _pcb;}
-    Mat3 getRobInertial(){return _Ib;}
+  Mat3 getJaco(LowlevelState &amp; state, int legID);
+  Vec2 getRobVelLimitX() {return _robVelLimitX;}
+  Vec2 getRobVelLimitY() {return _robVelLimitY;}
+  Vec2 getRobVelLimitYaw() {return _robVelLimitYaw;}
+  Vec34 getFeetPosIdeal() {return _feetPosNormalStand;}
+  double getRobMass() {return _mass;}
+  Vec3 getPcb() {return _pcb;}
+  Mat3 getRobInertial() {return _Ib;}
@@ -39,8 +41,8 @@
-    QuadrupedLeg* _Legs[4];
-    Vec2 _robVelLimitX;
-    Vec2 _robVelLimitY;
-    Vec2 _robVelLimitYaw;
-    Vec34 _feetPosNormalStand;
-    double _mass;
-    Vec3 _pcb;
-    Mat3 _Ib;
+  QuadrupedLeg * _Legs[4];
+  Vec2 _robVelLimitX;
+  Vec2 _robVelLimitY;
+  Vec2 _robVelLimitYaw;
+  Vec34 _feetPosNormalStand;
+  double _mass;
+  Vec3 _pcb;
+  Mat3 _Ib;
@@ -49 +51 @@
-class A1Robot : public QuadrupedRobot{
+class A1Robot: public QuadrupedRobot {
@@ -51,2 +53,3 @@
-    A1Robot();
-    ~A1Robot(){}
+  A1Robot();
+  ~A1Robot() {
+  }
@@ -55 +58 @@
-class Go1Robot : public QuadrupedRobot{
+class Go1Robot: public QuadrupedRobot {
@@ -57,2 +60,3 @@
-    Go1Robot();
-    ~Go1Robot(){};
+  Go1Robot();
+  ~Go1Robot() {
+  };
@@ -61 +65 @@
-#endif  // UNITREEROBOT_H
+#endif  // UNITREEROBOT_H

Code style divergence in file 'include/control/BalanceCtrl.h':

--- include/control/BalanceCtrl.h
+++ include/control/BalanceCtrl.h.uncrustify
@@ -15 +15 @@
-class BalanceCtrl{
+class BalanceCtrl {
@@ -17,3 +17,3 @@
-    BalanceCtrl(double mass, Mat3 Ib, Mat6 S, double alpha, double beta);
-    BalanceCtrl(QuadrupedRobot *robModel);
-    Vec34 calF(Vec3 ddPcd, Vec3 dWbd, RotMat rotM, Vec34 feetPos2B, VecInt4 contact);
+  BalanceCtrl(double mass, Mat3 Ib, Mat6 S, double alpha, double beta);
+  BalanceCtrl(QuadrupedRobot * robModel);
+  Vec34 calF(Vec3 ddPcd, Vec3 dWbd, RotMat rotM, Vec34 feetPos2B, VecInt4 contact);
@@ -21 +21 @@
-    void setPyPlot(PyPlot *plot){_testPlot = plot;}
+  void setPyPlot(PyPlot * plot) {_testPlot = plot;}
@@ -22,0 +23 @@
+
@@ -24,4 +25,4 @@
-    void calMatrixA(Vec34 feetPos2B, RotMat rotM, VecInt4 contact);
-    void calVectorBd(Vec3 ddPcd, Vec3 dWbd, RotMat rotM);
-    void calConstraints(VecInt4 contact);
-    void solveQP();
+  void calMatrixA(Vec34 feetPos2B, RotMat rotM, VecInt4 contact);
+  void calVectorBd(Vec3 ddPcd, Vec3 dWbd, RotMat rotM);
+  void calConstraints(VecInt4 contact);
+  void solveQP();
@@ -29,12 +30,12 @@
-    Mat12 _G, _W, _U;
-    Mat6 _S;
-    Mat3 _Ib;
-    Vec6 _bd;
-    Vec3 _g;
-    Vec3 _pcb;
-    Vec12 _F, _Fprev, _g0T;
-    double _mass, _alpha, _beta, _fricRatio;
-    Eigen::MatrixXd _CE, _CI;
-    Eigen::VectorXd _ce0, _ci0;
-    Eigen::Matrix&lt;double, 6 , 12&gt; _A;
-    Eigen::Matrix&lt;double, 5 , 3 &gt; _fricMat;
+  Mat12 _G, _W, _U;
+  Mat6 _S;
+  Mat3 _Ib;
+  Vec6 _bd;
+  Vec3 _g;
+  Vec3 _pcb;
+  Vec12 _F, _Fprev, _g0T;
+  double _mass, _alpha, _beta, _fricRatio;
+  Eigen::MatrixXd _CE, _CI;
+  Eigen::VectorXd _ce0, _ci0;
+  Eigen::Matrix &lt; double, 6, 12 &gt; _A;
+  Eigen::Matrix &lt; double, 5, 3 &gt; _fricMat;
@@ -42,2 +43,2 @@
-    quadprogpp::Matrix&lt;double&gt; G, CE, CI;
-    quadprogpp::Vector&lt;double&gt; g0, ce0, ci0, x;
+  quadprogpp::Matrix &lt; double &gt; G, CE, CI;
+  quadprogpp::Vector &lt; double &gt; g0, ce0, ci0, x;
@@ -46 +47 @@
-    PyPlot *_testPlot;
+  PyPlot * _testPlot;
@@ -50 +51 @@
-#endif  // BALANCECTRL_H
+#endif  // BALANCECTRL_H

Code style divergence in file 'include/control/ControlFrame.h':

--- include/control/ControlFrame.h
+++ include/control/ControlFrame.h.uncrustify
@@ -10 +10 @@
-class ControlFrame{
+class ControlFrame {
@@ -12,5 +12,6 @@
-	ControlFrame(CtrlComponents *ctrlComp);
-	~ControlFrame(){
-		delete _FSMController;
-	}
-	void run();
+  ControlFrame(CtrlComponents * ctrlComp);
+  ~ControlFrame() {
+    delete _FSMController;
+  }
+  void run();
+
@@ -18,2 +19,2 @@
-	FSM* _FSMController;
-	CtrlComponents *_ctrlComp;
+  FSM * _FSMController;
+  CtrlComponents * _ctrlComp;
@@ -22 +23 @@
-#endif  //CONTROLFRAME_H
+#endif  //CONTROLFRAME_H

Code style divergence in file 'include/control/CtrlComponents.h':

--- include/control/CtrlComponents.h
+++ include/control/CtrlComponents.h.uncrustify
@@ -22 +22,2 @@
-struct CtrlComponents{
+struct CtrlComponents
+{
@@ -24,16 +25,16 @@
-    CtrlComponents(IOInterface *ioInter):ioInter(ioInter){
-        lowCmd = new LowlevelCmd();
-        lowState = new LowlevelState();
-        contact = new VecInt4;
-        phase = new Vec4;
-        *contact = VecInt4(0, 0, 0, 0);
-        *phase = Vec4(0.5, 0.5, 0.5, 0.5);
-    }
-    ~CtrlComponents(){
-        delete lowCmd;
-        delete lowState;
-        delete ioInter;
-        delete robotModel;
-        delete waveGen;
-        delete estimator;
-        delete balCtrl;
+  CtrlComponents(IOInterface * ioInter) : ioInter(ioInter) {
+    lowCmd = new LowlevelCmd();
+    lowState = new LowlevelState();
+    contact = new VecInt4;
+    phase = new Vec4;
+    *contact = VecInt4(0, 0, 0, 0);
+    *phase = Vec4(0.5, 0.5, 0.5, 0.5);
+  }
+  ~CtrlComponents() {
+    delete lowCmd;
+    delete lowState;
+    delete ioInter;
+    delete robotModel;
+    delete waveGen;
+    delete estimator;
+    delete balCtrl;
@@ -41 +42 @@
-        delete plot;
+    delete plot;
@@ -43,8 +44,8 @@
-    }
-    LowlevelCmd *lowCmd;
-    LowlevelState *lowState;
-    IOInterface *ioInter;
-    QuadrupedRobot *robotModel;
-    WaveGenerator *waveGen;
-    Estimator *estimator;
-    BalanceCtrl *balCtrl;
+  }
+  LowlevelCmd * lowCmd;
+  LowlevelState * lowState;
+  IOInterface * ioInter;
+  QuadrupedRobot * robotModel;
+  WaveGenerator * waveGen;
+  Estimator * estimator;
+  BalanceCtrl * balCtrl;
@@ -53 +54 @@
-    PyPlot *plot;
+  PyPlot * plot;
@@ -56,2 +57,2 @@
-    VecInt4 *contact;
-    Vec4 *phase;
+  VecInt4 * contact;
+  Vec4 * phase;
@@ -59,3 +60,3 @@
-    double dt;
-    bool *running;
-    CtrlPlatform ctrlPlatform;
+  double dt;
+  bool * running;
+  CtrlPlatform ctrlPlatform;
@@ -63,3 +64,4 @@
-    void sendRecv(){
[...]
-#endif
-  register unsigned int i, j, k;
-  double cc, ss, h, t1, t2, xny;
-	
-  /* we have to find the Givens rotation which will reduce the element
-    d[j] to zero.
-    if it is already zero we don't have to do anything, except of
-    decreasing j */  
-  for (j = n - 1; j &gt;= iq + 1; j--)
-  {
-    /* The Givens rotation is done with the matrix (cc cs, cs -cc).
-    If cc is one, then element (j) of d is zero compared with element
-    (j - 1). Hence we don't have to do anything. 
-    If cc is zero, then we just have to switch column (j) and column (j - 1) 
-    of J. Since we only switch columns in J, we have to be careful how we
-    update d depending on the sign of gs.
-    Otherwise we have to apply the Givens rotation to these columns.
-    The i - 1 element of d has to be updated to h. */
-    cc = d[j - 1];
-    ss = d[j];
-    h = distance(cc, ss);
-    if (fabs(h) &lt; std::numeric_limits&lt;double&gt;::epsilon()) // h == 0
-      continue;
-    d[j] = 0.0;
-    ss = ss / h;
-    cc = cc / h;
-    if (cc &lt; 0.0)
-    {
-      cc = -cc;
-      ss = -ss;
-      d[j - 1] = -h;
-    }
-    else
-      d[j - 1] = h;
-    xny = ss / (1.0 + cc);
-    for (k = 0; k &lt; n; k++)
-    {
-      t1 = J[k][j - 1];
-      t2 = J[k][j];
-      J[k][j - 1] = t1 * cc + t2 * ss;
-      J[k][j] = xny * (t1 + J[k][j - 1]) - t2;
-    }
-  }
-  /* update the number of constraints added*/
-  iq++;
-  /* To update R we have to put the iq components of the d vector
-    into column iq - 1 of R
-    */
-  for (i = 0; i &lt; iq; i++)
-    R[i][iq - 1] = d[i];
-#ifdef TRACE_SOLVER
-  std::cout &lt;&lt; iq &lt;&lt; std::endl;
-  print_matrix("R", R, iq, iq);
-  print_matrix("J", J);
-  print_vector("d", d, iq);
-#endif
-  
-  if (fabs(d[iq - 1]) &lt;= std::numeric_limits&lt;double&gt;::epsilon() * R_norm) 
-  {
-    // problem degenerate
-    return false;
-  }
-  R_norm = std::max&lt;double&gt;(R_norm, fabs(d[iq - 1]));
-  return true;
-}
-
-void delete_constraint(Matrix&lt;double&gt;&amp; R, Matrix&lt;double&gt;&amp; J, Vector&lt;int&gt;&amp; A, Vector&lt;double&gt;&amp; u, unsigned int n, int p, unsigned int&amp; iq, int l)
-{
-#ifdef TRACE_SOLVER
-  std::cout &lt;&lt; "Delete constraint " &lt;&lt; l &lt;&lt; ' ' &lt;&lt; iq;
-#endif
-  register unsigned int i, j, k, qq = 0; // just to prevent warnings from smart compilers
-  double cc, ss, h, xny, t1, t2;
-
-  bool found = false;
-  /* Find the index qq for active constraint l to be removed */
-  for (i = p; i &lt; iq; i++)
-    if (A[i] == l)
-    {
-      qq = i;
-      found = true;
-      break;
-    }
-
-  if(!found)
-  {
-    std::ostringstream os;
-    os &lt;&lt; "Attempt to delete non existing constraint, constraint: " &lt;&lt; l;
-    throw std::invalid_argument(os.str());
-  }
-  /* remove the constraint from the active set and the duals */
-  for (i = qq; i &lt; iq - 1; i++)
-    {
+    for (k = 0; k &lt; n; k++) {
+      sum += CI[k][ip] * x[k];
+    }
+    s[ip] = sum + ci0[ip];
+
+#ifdef TRACE_SOLVER
+    print_vector("s", s, m);
+#endif
+    goto l2a;
+  }
+
+  inline void compute_d(
+    Vector &lt; double &gt; &amp; d, const Matrix &lt; double &gt; &amp; J,
+    const Vector &lt; double &gt; &amp; np)
+  {
+    register int i, j, n = d.size();
+    register double sum;
+
+    /* compute d = H^T * np */
+    for (i = 0; i &lt; n; i++) {
+      sum = 0.0;
+      for (j = 0; j &lt; n; j++) {
+        sum += J[j][i] * np[j];
+      }
+      d[i] = sum;
+    }
+  }
+
+  inline void update_z(
+    Vector &lt; double &gt; &amp; z, const Matrix &lt; double &gt; &amp; J,
+    const Vector &lt; double &gt; &amp; d, int iq)
+  {
+    register int i, j, n = z.size();
+
+    /* setting of z = H * d */
+    for (i = 0; i &lt; n; i++) {
+      z[i] = 0.0;
+      for (j = iq; j &lt; n; j++) {
+        z[i] += J[i][j] * d[j];
+      }
+    }
+  }
+
+  inline void update_r(
+    const Matrix &lt; double &gt; &amp; R, Vector &lt; double &gt; &amp; r,
+    const Vector &lt; double &gt; &amp; d, int iq)
+  {
+    register int i, j;
+    register double sum;
+
+    /* setting of r = R^-1 d */
+    for (i = iq - 1; i &gt;= 0; i--) {
+      sum = 0.0;
+      for (j = i + 1; j &lt; iq; j++) {
+        sum += R[i][j] * r[j];
+      }
+      r[i] = (d[i] - sum) / R[i][i];
+    }
+  }
+
+  bool add_constraint(
+    Matrix &lt; double &gt; &amp; R, Matrix &lt; double &gt; &amp; J, Vector &lt; double &gt; &amp; d,
+    unsigned int &amp; iq, double &amp; R_norm)
+  {
+    unsigned int n = d.size();
+#ifdef TRACE_SOLVER
+    std::cout &lt;&lt; "Add constraint " &lt;&lt; iq &lt;&lt; '/';
+#endif
+    register unsigned int i, j, k;
+    double cc, ss, h, t1, t2, xny;
+
+    /* we have to find the Givens rotation which will reduce the element
+      d[j] to zero.
+      if it is already zero we don't have to do anything, except of
+      decreasing j */
+    for (j = n - 1; j &gt;= iq + 1; j--) {
+      /* The Givens rotation is done with the matrix (cc cs, cs -cc).
+      If cc is one, then element (j) of d is zero compared with element
+      (j - 1). Hence we don't have to do anything.
+      If cc is zero, then we just have to switch column (j) and column (j - 1)
+      of J. Since we only switch columns in J, we have to be careful how we
+      update d depending on the sign of gs.
+      Otherwise we have to apply the Givens rotation to these columns.
+      The i - 1 element of d has to be updated to h. */
+      cc = d[j - 1];
+      ss = d[j];
+      h = distance(cc, ss);
+      if (fabs(h) &lt; std::numeric_limits &lt; double &gt; ::epsilon()) { // h == 0
+        continue;
+      }
+      d[j] = 0.0;
+      ss = ss / h;
+      cc = cc / h;
+      if (cc &lt; 0.0) {
+        cc = -cc;
+        ss = -ss;
+        d[j - 1] = -h;
+      } else {
+        d[j - 1] = h;
+      }
+      xny = ss / (1.0 + cc);
+      for (k = 0; k &lt; n; k++) {
+        t1 = J[k][j - 1];
+        t2 = J[k][j];
+        J[k][j - 1] = t1 * cc + t2 * ss;
+        J[k][j] = xny * (t1 + J[k][j - 1]) - t2;
+      }
+    }
+    /* update the number of constraints added*/
+    iq++;
+    /* To update R we have to put the iq components of the d vector
+      into column iq - 1 of R
+      */
+    for (i = 0; i &lt; iq; i++) {
+      R[i][iq - 1] = d[i];
+    }
+#ifdef TRACE_SOLVER
+    std::cout &lt;&lt; iq &lt;&lt; std::endl;
+    print_matrix("R", R, iq, iq);
+    print_matrix("J", J);
+    print_vector("d", d, iq);
+#endif
+
+    if (fabs(d[iq - 1]) &lt;= std::numeric_limits &lt; double &gt; ::epsilon() * R_norm) {
+      // problem degenerate
+      return false;
+    }
+    R_norm = std::max &lt; double &gt; (R_norm, fabs(d[iq - 1]));
+    return true;
+  }
+
+  void delete_constraint(
+    Matrix &lt; double &gt; &amp; R, Matrix &lt; double &gt; &amp; J, Vector &lt; int &gt; &amp; A,
+    Vector &lt; double &gt; &amp; u, unsigned int n, int p, unsigned int &amp; iq, int l)
+  {
+#ifdef TRACE_SOLVER
+    std::cout &lt;&lt; "Delete constraint " &lt;&lt; l &lt;&lt; ' ' &lt;&lt; iq;
+#endif
+    register unsigned int i, j, k, qq = 0; // just to prevent warnings from smart compilers
+    double cc, ss, h, xny, t1, t2;
+
+    bool found = false;
+    /* Find the index qq for active constraint l to be removed */
+    for (i = p; i &lt; iq; i++) {
+      if (A[i] == l) {
+        qq = i;
+        found = true;
+        break;
+      }
+    }
+
+    if (!found) {
+      std::ostringstream os;
+      os &lt;&lt; "Attempt to delete non existing constraint, constraint: " &lt;&lt; l;
+      throw std::invalid_argument(os.str());
+    }
+    /* remove the constraint from the active set and the duals */
+    for (i = qq; i &lt; iq - 1; i++) {
@@ -590 +608 @@
-      for (j = 0; j &lt; n; j++)
+      for (j = 0; j &lt; n; j++) {
@@ -592,67 +610,63 @@
-    }
-      
-  A[iq - 1] = A[iq];
-  u[iq - 1] = u[iq];
-  A[iq] = 0; 
-  u[iq] = 0.0;
-  for (j = 0; j &lt; iq; j++)
-    R[j][iq - 1] = 0.0;
-  /* constraint has been fully removed */
-  iq--;
-#ifdef TRACE_SOLVER
-  std::cout &lt;&lt; '/' &lt;&lt; iq &lt;&lt; std::endl;
-#endif 
-  
-  if (iq == 0)
-    return;
-  
-  for (j = qq; j &lt; iq; j++)
-  {
-    cc = R[j][j];
-    ss = R[j + 1][j];
-    h = distance(cc, ss);
-    if (fabs(h) &lt; std::numeric_limits&lt;double&gt;::epsilon()) // h == 0
-      continue;
-    cc = cc / h;
-    ss = ss / h;
-    R[j + 1][j] = 0.0;
-    if (cc &lt; 0.0)
-    {
-      R[j][j] = -h;
-      cc = -cc;
-      ss = -ss;
-    }
-    else
-      R[j][j] = h;
-    
-    xny = ss / (1.0 + cc);
-    for (k = j + 1; k &lt; iq; k++)
-    {
-      t1 = R[j][k];
-      t2 = R[j + 1][k];
-      R[j][k] = t1 * cc + t2 * ss;
-      R[j + 1][k] = xny * (t1 + R[j][k]) - t2;
-    }
-    for (k = 0; k &lt; n; k++)
-    {
-      t1 = J[k][j];
-      t2 = J[k][j + 1];
-      J[k][j] = t1 * cc + t2 * ss;
-      J[k][j + 1] = xny * (J[k][j] + t1) - t2;
-    }
-  }
-}
-
-inline double distance(double a, double b)
-{
-  register double a1, b1, t;
-  a1 = fabs(a);
-  b1 = fabs(b);
-  if (a1 &gt; b1) 
-  {
-    t = (b1 / a1);
-    return a1 * sqrt(1.0 + t * t);
-  }
-  else
-    if (b1 &gt; a1)
-    {
+      }
+    }
+
+    A[iq - 1] = A[iq];
+    u[iq - 1] = u[iq];
+    A[iq] = 0;
+    u[iq] = 0.0;
+    for (j = 0; j &lt; iq; j++) {
+      R[j][iq - 1] = 0.0;
+    }
+    /* constraint has been fully removed */
+    iq--;
+#ifdef TRACE_SOLVER
+    std::cout &lt;&lt; '/' &lt;&lt; iq &lt;&lt; std::endl;
+#endif
+
+    if (iq == 0) {
+      return;
+    }
+
+    for (j = qq; j &lt; iq; j++) {
+      cc = R[j][j];
+      ss = R[j + 1][j];
+      h = distance(cc, ss);
+      if (fabs(h) &lt; std::numeric_limits &lt; double &gt; ::epsilon()) { // h == 0
+        continue;
+      }
+      cc = cc / h;
+      ss = ss / h;
+      R[j + 1][j] = 0.0;
+      if (cc &lt; 0.0) {
+        R[j][j] = -h;
+        cc = -cc;
+        ss = -ss;
+      } else {
+        R[j][j] = h;
+      }
+
+      xny = ss / (1.0 + cc);
+      for (k = j + 1; k &lt; iq; k++) {
+        t1 = R[j][k];
+        t2 = R[j + 1][k];
+        R[j][k] = t1 * cc + t2 * ss;
+        R[j + 1][k] = xny * (t1 + R[j][k]) - t2;
+      }
+      for (k = 0; k &lt; n; k++) {
+        t1 = J[k][j];
+        t2 = J[k][j + 1];
+        J[k][j] = t1 * cc + t2 * ss;
+        J[k][j + 1] = xny * (J[k][j] + t1) - t2;
+      }
+    }
+  }
+
+  inline double distance(double a, double b)
+  {
+    register double a1, b1, t;
+    a1 = fabs(a);
+    b1 = fabs(b);
+    if (a1 &gt; b1) {
+      t = (b1 / a1);
+      return a1 * sqrt(1.0 + t * t);
+    } else if (b1 &gt; a1) {
@@ -662,37 +676,26 @@
-  return a1 * sqrt(2.0);
-}
-
-
-inline double scalar_product(const Vector&lt;double&gt;&amp; x, const Vector&lt;double&gt;&amp; y)
-{
-  register int i, n = x.size();
-  register double sum;
-	
-  sum = 0.0;
-  for (i = 0; i &lt; n; i++)
-    sum += x[i] * y[i];
-  return sum;			
-}
-
-void cholesky_decomposition(Matrix&lt;double&gt;&amp; A) 
-{
-  register int i, j, k, n = A.nrows();
-  register double sum;
-	
-  for (i = 0; i &lt; n; i++)
-  {
-    for (j = i; j &lt; n; j++)
-    {
-      sum = A[i][j];
-      for (k = i - 1; k &gt;= 0; k--)
-        sum -= A[i][k]*A[j][k];
-      if (i == j) 
-	    {
-	      if (sum &lt;= 0.0)
-        {
-          std::ostringstream os;
-          // raise error
-          print_matrix("A", A);
-          os &lt;&lt; "Error in cholesky decomposition, sum: " &lt;&lt; sum;
-          throw std::logic_error(os.str());
-          exit(-1);
+    return a1 * sqrt(2.0);
+  }
+
+
+  inline double scalar_product(const Vector &lt; double &gt; &amp; x, const Vector &lt; double &gt; &amp; y)
+  {
+    register int i, n = x.size();
+    register double sum;
+
+    sum = 0.0;
+    for (i = 0; i &lt; n; i++) {
+      sum += x[i] * y[i];
+    }
+    return sum;
+  }
+
+  void cholesky_decomposition(Matrix &lt; double &gt; &amp; A)
+  {
+    register int i, j, k, n = A.nrows();
+    register double sum;
+
+    for (i = 0; i &lt; n; i++) {
+      for (j = i; j &lt; n; j++) {
+        sum = A[i][j];
+        for (k = i - 1; k &gt;= 0; k--) {
+          sum -= A[i][k] * A[j][k];
@@ -700,90 +703,108 @@
-	      A[i][i] = sqrt(sum);
-	    }
-      else
-        A[j][i] = sum / A[i][i];
-    }
-    for (k = i + 1; k &lt; n; k++)
-      A[i][k] = A[k][i];
-  } 
-}
-
-void cholesky_solve(const Matrix&lt;double&gt;&amp; L, Vector&lt;double&gt;&amp; x, const Vector&lt;double&gt;&amp; b)
-{
-  int n = L.nrows();
-  Vector&lt;double&gt; y(n);
-	
-  /* Solve L * y = b */
-  forward_elimination(L, y, b);
-  /* Solve L^T * x = y */
-  backward_elimination(L, x, y);
-}
-
-inline void forward_elimination(const Matrix&lt;double&gt;&amp; L, Vector&lt;double&gt;&amp; y, const Vector&lt;double&gt;&amp; b)
-{
-  register int i, j, n = L.nrows();
-	
-  y[0] = b[0] / L[0][0];
-  for (i = 1; i &lt; n; i++)
-  {
-    y[i] = b[i];
-    for (j = 0; j &lt; i; j++)
-      y[i] -= L[i][j] * y[j];
-    y[i] = y[i] / L[i][i];
-  }
-}
-
-inline void backward_elimination(const Matrix&lt;double&gt;&amp; U, Vector&lt;double&gt;&amp; x, const Vector&lt;double&gt;&amp; y)
-{
-  register int i, j, n = U.nrows();
-	
-  x[n - 1] = y[n - 1] / U[n - 1][n - 1];
-  for (i = n - 2; i &gt;= 0; i--)
-  {
-    x[i] = y[i];
-    for (j = i + 1; j &lt; n; j++)
-      x[i] -= U[i][j] * x[j];
-    x[i] = x[i] / U[i][i];
-  }
-}
-
-void print_matrix(const char* name, const Matrix&lt;double&gt;&amp; A, int n, int m)
-{
-  std::ostringstream s;
-  std::string t;
-  if (n == -1)
-    n = A.nrows();
-  if (m == -1)
-    m = A.ncols();
-	
-  s &lt;&lt; name &lt;&lt; ": " &lt;&lt; std::endl;
-  for (int i = 0; i &lt; n; i++)
-  {
-    s &lt;&lt; " ";
-    for (int j = 0; j &lt; m; j++)
-      s &lt;&lt; A[i][j] &lt;&lt; ", ";
-    s &lt;&lt; std::endl;
-  }
-  t = s.str();
-  t = t.substr(0, t.size() - 3); // To remove the trailing space, comma and newline
-	
-  std::cout &lt;&lt; t &lt;&lt; std::endl;
-}
-
-template&lt;typename T&gt;
-void print_vector(const char* name, const Vector&lt;T&gt;&amp; v, int n)
-{
-  std::ostringstream s;
-  std::string t;
-  if (n == -1)
-    n = v.size();
-	
-  s &lt;&lt; name &lt;&lt; ": " &lt;&lt; std::endl &lt;&lt; " ";
-  for (int i = 0; i &lt; n; i++)
-  {
-    s &lt;&lt; v[i] &lt;&lt; ", ";
-  }
-  t = s.str();
-  t = t.substr(0, t.size() - 2); // To remove the trailing space and comma
-	
-  std::cout &lt;&lt; t &lt;&lt; std::endl;
-}
+        if (i == j) {
+          if (sum &lt;= 0.0) {
+            std::ostringstream os;
+            // raise error
+            print_matrix("A", A);
+            os &lt;&lt; "Error in cholesky decomposition, sum: " &lt;&lt; sum;
+            throw std::logic_error(os.str());
+            exit(-1);
+          }
+          A[i][i] = sqrt(sum);
+        } else {
+          A[j][i] = sum / A[i][i];
+        }
+      }
+      for (k = i + 1; k &lt; n; k++) {
+        A[i][k] = A[k][i];
+      }
+    }
+  }
+
+  void cholesky_solve(
+    const Matrix &lt; double &gt; &amp; L, Vector &lt; double &gt; &amp; x,
+    const Vector &lt; double &gt; &amp; b)
+  {
+    int n = L.nrows();
+    Vector &lt; double &gt; y(n);
+
+    /* Solve L * y = b */
+    forward_elimination(L, y, b);
+    /* Solve L^T * x = y */
+    backward_elimination(L, x, y);
+  }
+
+  inline void forward_elimination(
+    const Matrix &lt; double &gt; &amp; L, Vector &lt; double &gt; &amp; y,
+    const Vector &lt; double &gt; &amp; b)
+  {
+    register int i, j, n = L.nrows();
+
+    y[0] = b[0] / L[0][0];
+    for (i = 1; i &lt; n; i++) {
+      y[i] = b[i];
+      for (j = 0; j &lt; i; j++) {
+        y[i] -= L[i][j] * y[j];
+      }
+      y[i] = y[i] / L[i][i];
+    }
+  }
+
+  inline void backward_elimination(
+    const Matrix &lt; double &gt; &amp; U, Vector &lt; double &gt; &amp; x,
+    const Vector &lt; double &gt; &amp; y)
+  {
+    register int i, j, n = U.nrows();
+
+    x[n - 1] = y[n - 1] / U[n - 1][n - 1];
+    for (i = n - 2; i &gt;= 0; i--) {
+      x[i] = y[i];
+      for (j = i + 1; j &lt; n; j++) {
+        x[i] -= U[i][j] * x[j];
+      }
+      x[i] = x[i] / U[i][i];
+    }
+  }
+
+  void print_matrix(const char * name, const Matrix &lt; double &gt; &amp; A, int n, int m)
+  {
+    std::ostringstream s;
+    std::string t;
+    if (n == -1) {
+      n = A.nrows();
+    }
+    if (m == -1) {
+      m = A.ncols();
+    }
+
+    s &lt;&lt; name &lt;&lt; ": " &lt;&lt; std::endl;
+    for (int i = 0; i &lt; n; i++) {
+      s &lt;&lt; " ";
+      for (int j = 0; j &lt; m; j++) {
+        s &lt;&lt; A[i][j] &lt;&lt; ", ";
+      }
+      s &lt;&lt; std::endl;
+    }
+    t = s.str();
+    t = t.substr(0, t.size() - 3); // To remove the trailing space, comma and newline
+
+    std::cout &lt;&lt; t &lt;&lt; std::endl;
+  }
+
+  template &lt; typename T &gt;
+  void print_vector(const char * name, const Vector &lt; T &gt; &amp; v, int n)
+  {
+    std::ostringstream s;
+    std::string t;
+    if (n == -1) {
+      n = v.size();
+    }
+
+    s &lt;&lt; name &lt;&lt; ": " &lt;&lt; std::endl &lt;&lt; " ";
+    for (int i = 0; i &lt; n; i++) {
+      s &lt;&lt; v[i] &lt;&lt; ", ";
+    }
+    t = s.str();
+    t = t.substr(0, t.size() - 2); // To remove the trailing space and comma
+
+    std::cout &lt;&lt; t &lt;&lt; std::endl;
+  }

63 files with code style divergence
-- run_test.py: return code 1
-- run_test.py: verify result file '/home/yk/rosros/build/unitree_guide2/test_results/unitree_guide2/uncrustify.xunit.xml'
</Value>
				</Measurement>
			</Results>
			<Labels>
				<Label>linter</Label>
				<Label>uncrustify</Label>
			</Labels>
		</Test>
		<Test Status="passed">
			<Name>xmllint</Name>
			<Path>.</Path>
			<FullName>./xmllint</FullName>
			<FullCommandLine>/usr/bin/python3 "-u" "/opt/ros/humble/share/ament_cmake_test/cmake/run_test.py" "/home/yk/rosros/build/unitree_guide2/test_results/unitree_guide2/xmllint.xunit.xml" "--package-name" "unitree_guide2" "--output-file" "/home/yk/rosros/build/unitree_guide2/ament_xmllint/xmllint.txt" "--command" "/opt/ros/humble/bin/ament_xmllint" "--xunit-file" "/home/yk/rosros/build/unitree_guide2/test_results/unitree_guide2/xmllint.xunit.xml"</FullCommandLine>
			<Results>
				<NamedMeasurement type="numeric/double" name="Execution Time">
					<Value>2.45439</Value>
				</NamedMeasurement>
				<NamedMeasurement type="numeric/double" name="Processors">
					<Value>1</Value>
				</NamedMeasurement>
				<NamedMeasurement type="text/string" name="Completion Status">
					<Value>Completed</Value>
				</NamedMeasurement>
				<NamedMeasurement type="text/string" name="Command Line">
					<Value>/usr/bin/python3 "-u" "/opt/ros/humble/share/ament_cmake_test/cmake/run_test.py" "/home/yk/rosros/build/unitree_guide2/test_results/unitree_guide2/xmllint.xunit.xml" "--package-name" "unitree_guide2" "--output-file" "/home/yk/rosros/build/unitree_guide2/ament_xmllint/xmllint.txt" "--command" "/opt/ros/humble/bin/ament_xmllint" "--xunit-file" "/home/yk/rosros/build/unitree_guide2/test_results/unitree_guide2/xmllint.xunit.xml"</Value>
				</NamedMeasurement>
				<NamedMeasurement type="text/string" name="Environment">
					<Value>#CTEST_RESOURCE_GROUP_COUNT=</Value>
				</NamedMeasurement>
				<Measurement>
					<Value>-- run_test.py: invoking following command in '/home/yk/rosros/src/unitree_ros2_sim/unitree_guide2':
 - /opt/ros/humble/bin/ament_xmllint --xunit-file /home/yk/rosros/build/unitree_guide2/test_results/unitree_guide2/xmllint.xunit.xml
File 'package.xml' is valid

File 'config/plotjuggler_layout.xml' is valid

No problems found
-- run_test.py: return code 0
-- run_test.py: verify result file '/home/yk/rosros/build/unitree_guide2/test_results/unitree_guide2/xmllint.xunit.xml'
</Value>
				</Measurement>
			</Results>
			<Labels>
				<Label>linter</Label>
				<Label>xmllint</Label>
			</Labels>
		</Test>
		<EndDateTime>Nov 08 20:41 KST</EndDateTime>
		<EndTestTime>1731066094</EndTestTime>
		<ElapsedMinutes>0</ElapsedMinutes>
	</Testing>
</Site>
